#
# A fatal error has been detected by the Java Runtime Environment:
#
#  SIGSEGV (0xb) at pc=0x000000011514becc, pid=49088, tid=0x0000000000001c03
#
# JRE version: Java(TM) SE Runtime Environment (8.0_112-b16) (build 1.8.0_112-b16)
# Java VM: Java HotSpot(TM) 64-Bit Server VM (25.112-b16 mixed mode bsd-amd64 compressed oops)
# Problematic frame:
# C  0x000000011514becc
#
# Failed to write core dump. Core dumps have been disabled. To enable core dumping, try "ulimit -c unlimited" before starting Java again
#
# If you would like to submit a bug report, please visit:
#   http://bugreport.java.com/bugreport/crash.jsp
# The crash happened outside the Java Virtual Machine in native code.
# See problematic frame for where to report the bug.
#

---------------  T H R E A D  ---------------

Current thread (0x00007fdd97002800):  JavaThread "main" [_thread_in_native, id=7171, stack(0x000070000320d000,0x000070000330d000)]

siginfo: si_signo: 11 (SIGSEGV), si_code: 1 (SEGV_MAPERR), si_addr: 0x000000011515a000

Registers:
RAX=0x0000000000029000, RBX=0x0000000124748870, RCX=0x000000000003d805, RDX=0x00000001150b6000
RSP=0x000070000330c5c8, RBP=0x000070000330c5d0, RSI=0x0000000124748840, RDI=0x00007fdd98801400
R8 =0x3f80000000000000, R9 =0x000000012492fe00, R10=0x00007fdd9901e000, R11=0x00000001242d2000
R12=0x00000000000fb388, R13=0x00007fdd98801400, R14=0x000000000000aaa0, R15=0x00000000000fb388
RIP=0x000000011514becc, EFLAGS=0x0000000000010283, ERR=0x0000000000000004
  TRAPNO=0x000000000000000e

Top of Stack: (sp=0x000070000330c5c8)
0x000070000330c5c8:   0000000000013fd4 000070000330c650
0x000070000330c5d8:   000000010fcf5829 000070000330c600
0x000070000330c5e8:   00007fdd97002800 00007fdd97002800
0x000070000330c5f8:   00007fdd9901e420 00007fdd9901e000
0x000070000330c608:   0000000000000007 0000000797002800
0x000070000330c618:   00000000000fb388 000000000ac31d00
0x000070000330c628:   000000010ac31d00 0000000000000000
0x000070000330c638:   000000010ac31d00 000070000330c710
0x000070000330c648:   00007fdd97002800 000070000330c6d0
0x000070000330c658:   000000011520b9f4 000000010ac31d00
0x000070000330c668:   000070000330c710 000070000330c6d0
0x000070000330c678:   000000011520b779 00000001152179a3
0x000070000330c688:   000000011520b742 000070000330c690
0x000070000330c698:   000000010ac31d00 000070000330c710
0x000070000330c6a8:   000000010ac48c28 0000000000000000
0x000070000330c6b8:   000000010ac31d00 0000000000000000
0x000070000330c6c8:   000070000330c6f0 000070000330c758
0x000070000330c6d8:   00000001151fc2bd 00000007aafb3710
0x000070000330c6e8:   0000000115205538 00007fff91c12561
0x000070000330c6f8:   000070000330c758 00000000000fb388
0x000070000330c708:   0000000000000000 0000000000000007
0x000070000330c718:   000070000330c718 000000010ac31c2c
0x000070000330c728:   000070000330c790 000000010ac48c28
0x000070000330c738:   0000000000000000 000000010ac31c78
0x000070000330c748:   000070000330c6f0 000070000330c780
0x000070000330c758:   000070000330c7d8 00000001151fc2bd
0x000070000330c768:   00007fff91c12561 0000000000000000
0x000070000330c778:   00000007aaf2ac80 00000000000fb388
0x000070000330c788:   0000000000000000 0000000000000007
0x000070000330c798:   000070000330c798 000000010ac6f9cd
0x000070000330c7a8:   000070000330c7e8 000000010ac706b0
0x000070000330c7b8:   0000000000000000 000000010ac6f9f0 

Instructions: (pc=0x000000011514becc)
0x000000011514beac:   0f 10 4c 8b f8 48 8d 49 03 66 0f 14 c8 66 0f 29
0x000000011514bebc:   4e 10 c7 46 1c 00 00 80 3f 49 8b 92 e0 03 00 00
0x000000011514becc:   f2 0f 10 04 82 48 8d 40 02 f2 0f 11 46 20 4c 89
0x000000011514bedc:   46 28 48 89 de 0f 85 8e ff ff ff 48 89 9f d0 8d 

Register to memory mapping:

RAX=0x0000000000029000 is an unknown value
RBX=0x0000000124748870 is an unknown value
RCX=0x000000000003d805 is an unknown value
RDX=0x00000001150b6000 is an unknown value
RSP=0x000070000330c5c8 is pointing into the stack for thread: 0x00007fdd97002800
RBP=0x000070000330c5d0 is pointing into the stack for thread: 0x00007fdd97002800
RSI=0x0000000124748840 is an unknown value
RDI=0x00007fdd98801400 is an unknown value
R8 =0x3f80000000000000 is an unknown value
R9 =0x000000012492fe00 is an unknown value
R10=0x00007fdd9901e000 is an unknown value
R11=0x00000001242d2000 is an unknown value
R12=0x00000000000fb388 is an unknown value
R13=0x00007fdd98801400 is an unknown value
R14=0x000000000000aaa0 is an unknown value
R15=0x00000000000fb388 is an unknown value


Stack: [0x000070000320d000,0x000070000330d000],  sp=0x000070000330c5c8,  free space=1021k
Native frames: (J=compiled Java code, j=interpreted, Vv=VM code, C=native code)
C  0x000000011514becc
C  [GLEngine+0x27829]  glDrawArrays_Exec+0x284
j  org.lwjgl.opengl.GL11.nglDrawArrays(IIIJ)V+0
j  org.lwjgl.opengl.GL11.glDrawArrays(III)V+20
j  Chunk.render()V+69
j  FPCameraController.gameLoop()V+203
j  Main.start()V+29
j  Main.main([Ljava/lang/String;)V+11
v  ~StubRoutines::call_stub
V  [libjvm.dylib+0x2edbd2]  JavaCalls::call_helper(JavaValue*, methodHandle*, JavaCallArguments*, Thread*)+0x6ae
V  [libjvm.dylib+0x3249ca]  jni_invoke_static(JNIEnv_*, JavaValue*, _jobject*, JNICallType, _jmethodID*, JNI_ArgumentPusher*, Thread*)+0x1bf
V  [libjvm.dylib+0x31d741]  jni_CallStaticVoidMethod+0x15d
C  [java+0x3931]  JavaMain+0x9c4
C  [libsystem_pthread.dylib+0x39af]  _pthread_body+0xb4
C  [libsystem_pthread.dylib+0x38fb]  _pthread_body+0x0
C  [libsystem_pthread.dylib+0x3101]  thread_start+0xd
C  0x0000000000000000

Java frames: (J=compiled Java code, j=interpreted, Vv=VM code)
j  org.lwjgl.opengl.GL11.nglDrawArrays(IIIJ)V+0
j  org.lwjgl.opengl.GL11.glDrawArrays(III)V+20
j  Chunk.render()V+69
j  FPCameraController.gameLoop()V+203
j  Main.start()V+29
j  Main.main([Ljava/lang/String;)V+11
v  ~StubRoutines::call_stub

---------------  P R O C E S S  ---------------

Java Threads: ( => current thread )
  0x00007fdd96115800 JavaThread "AWT-Shutdown" [_thread_blocked, id=27991, stack(0x00007000040ba000,0x00007000041ba000)]
  0x00007fdd9687e000 JavaThread "AppKit Thread" daemon [_thread_in_native, id=775, stack(0x00007fff58f29000,0x00007fff59729000)]
  0x00007fdd96826000 JavaThread "Service Thread" daemon [_thread_blocked, id=18435, stack(0x0000700003e31000,0x0000700003f31000)]
  0x00007fdd96825000 JavaThread "C1 CompilerThread2" daemon [_thread_blocked, id=17923, stack(0x0000700003d2e000,0x0000700003e2e000)]
  0x00007fdd96824800 JavaThread "C2 CompilerThread1" daemon [_thread_blocked, id=17411, stack(0x0000700003c2b000,0x0000700003d2b000)]
  0x00007fdd97031800 JavaThread "C2 CompilerThread0" daemon [_thread_blocked, id=16899, stack(0x0000700003b28000,0x0000700003c28000)]
  0x00007fdd97031000 JavaThread "Signal Dispatcher" daemon [_thread_blocked, id=16387, stack(0x0000700003a25000,0x0000700003b25000)]
  0x00007fdd96801800 JavaThread "Finalizer" daemon [_thread_blocked, id=12547, stack(0x0000700003922000,0x0000700003a22000)]
  0x00007fdd97819000 JavaThread "Reference Handler" daemon [_thread_blocked, id=12035, stack(0x000070000381f000,0x000070000391f000)]
=>0x00007fdd97002800 JavaThread "main" [_thread_in_native, id=7171, stack(0x000070000320d000,0x000070000330d000)]

Other Threads:
  0x00007fdd97816800 VMThread [stack: 0x000070000371c000,0x000070000381c000] [id=11523]
  0x00007fdd97811800 WatcherThread [stack: 0x0000700003f34000,0x0000700004034000] [id=18947]

VM state:not at safepoint (normal execution)

VM Mutex/Monitor currently owned by a thread: None

Heap:
 PSYoungGen      total 18944K, used 11535K [0x00000007aab00000, 0x00000007ac000000, 0x00000007c0000000)
  eden space 16384K, 70% used [0x00000007aab00000,0x00000007ab643cb0,0x00000007abb00000)
  from space 2560K, 0% used [0x00000007abd80000,0x00000007abd80000,0x00000007ac000000)
  to   space 2560K, 0% used [0x00000007abb00000,0x00000007abb00000,0x00000007abd80000)
 ParOldGen       total 44032K, used 0K [0x0000000780000000, 0x0000000782b00000, 0x00000007aab00000)
  object space 44032K, 0% used [0x0000000780000000,0x0000000780000000,0x0000000782b00000)
 Metaspace       used 6780K, capacity 6943K, committed 7296K, reserved 1056768K
  class space    used 701K, capacity 792K, committed 896K, reserved 1048576K

Card table byte_map: [0x00000001081c0000,0x00000001083c1000] byte_map_base: 0x00000001045c0000

Marking Bits: (ParMarkBitMap*) 0x0000000106e44d30
 Begin Bits: [0x0000000108517000, 0x0000000109517000)
 End Bits:   [0x0000000109517000, 0x000000010a517000)

Polling page: 0x0000000107539000

CodeCache: size=245760Kb used=2102Kb max_used=2114Kb free=243657Kb
 bounds [0x00000001151f4000, 0x0000000115464000, 0x00000001241f4000]
 total_blobs=873 nmethods=496 adapters=291
 compilation: enabled

Compilation events (10 events):
Event: 1.332 Thread 0x00007fdd96825000  493       3       Textures::water (503 bytes)
Event: 1.332 Thread 0x00007fdd96824800 nmethod 491 0x00000001153fff50 code [0x00000001154000a0, 0x0000000115400138]
Event: 1.333 Thread 0x00007fdd96825000 nmethod 493 0x00000001153fef90 code [0x00000001153ff120, 0x00000001153ff450]
Event: 1.335 Thread 0x00007fdd96824800  494       4       java.nio.DirectFloatBufferU::put (157 bytes)
Event: 1.335 Thread 0x00007fdd96825000  495       3       Textures::sand (515 bytes)
Event: 1.336 Thread 0x00007fdd97031800 nmethod 492 0x00000001153fe990 code [0x00000001153feb00, 0x00000001153fed18]
Event: 1.336 Thread 0x00007fdd96825000 nmethod 495 0x0000000115401450 code [0x00000001154015e0, 0x0000000115401910]
Event: 1.336 Thread 0x00007fdd96825000  496       3       Textures::grass (499 bytes)
Event: 1.337 Thread 0x00007fdd96825000 nmethod 496 0x0000000115400ed0 code [0x0000000115401060, 0x00000001154013b0]
Event: 1.339 Thread 0x00007fdd96824800 nmethod 494 0x0000000115400850 code [0x00000001154009c0, 0x0000000115400c38]

GC Heap History (0 events):
No events

Deoptimization events (0 events):
No events

Internal exceptions (10 events):
Event: 0.080 Thread 0x00007fdd97002800 Exception <a 'java/lang/NoSuchMethodError': Method sun.misc.Unsafe.defineClass(Ljava/lang/String;[BII)Ljava/lang/Class; name or signature does not match> (0x00000007aab07c78) thrown at [/Users/java_re/workspace/8-2-build-macosx-x86_64/jdk8u112/7935/hotspo
Event: 0.080 Thread 0x00007fdd97002800 Exception <a 'java/lang/NoSuchMethodError': Method sun.misc.Unsafe.prefetchRead(Ljava/lang/Object;J)V name or signature does not match> (0x00000007aab07f60) thrown at [/Users/java_re/workspace/8-2-build-macosx-x86_64/jdk8u112/7935/hotspot/src/share/vm/pri
Event: 0.314 Thread 0x00007fdd97002800 Exception <a 'java/security/PrivilegedActionException'> (0x00000007aac72b50) thrown at [/Users/java_re/workspace/8-2-build-macosx-x86_64/jdk8u112/7935/hotspot/src/share/vm/prims/jvm.cpp, line 1390]
Event: 0.314 Thread 0x00007fdd97002800 Exception <a 'java/security/PrivilegedActionException'> (0x00000007aac72d60) thrown at [/Users/java_re/workspace/8-2-build-macosx-x86_64/jdk8u112/7935/hotspot/src/share/vm/prims/jvm.cpp, line 1390]
Event: 0.315 Thread 0x00007fdd97002800 Exception <a 'java/security/PrivilegedActionException'> (0x00000007aac76250) thrown at [/Users/java_re/workspace/8-2-build-macosx-x86_64/jdk8u112/7935/hotspot/src/share/vm/prims/jvm.cpp, line 1390]
Event: 0.315 Thread 0x00007fdd97002800 Exception <a 'java/security/PrivilegedActionException'> (0x00000007aac76460) thrown at [/Users/java_re/workspace/8-2-build-macosx-x86_64/jdk8u112/7935/hotspot/src/share/vm/prims/jvm.cpp, line 1390]
Event: 0.415 Thread 0x00007fdd97002800 Exception <a 'java/lang/NoSuchFieldError': method resolution failed> (0x00000007aad432f8) thrown at [/Users/java_re/workspace/8-2-build-macosx-x86_64/jdk8u112/7935/hotspot/src/share/vm/prims/methodHandles.cpp, line 1146]
Event: 0.418 Thread 0x00007fdd97002800 Exception <a 'java/lang/NoSuchFieldError': method resolution failed> (0x00000007aad50b30) thrown at [/Users/java_re/workspace/8-2-build-macosx-x86_64/jdk8u112/7935/hotspot/src/share/vm/prims/methodHandles.cpp, line 1146]
Event: 0.718 Thread 0x00007fdd97002800 Exception <a 'java/io/FileNotFoundException'> (0x00000007aadcbf50) thrown at [/Users/java_re/workspace/8-2-build-macosx-x86_64/jdk8u112/7935/hotspot/src/share/vm/prims/jni.cpp, line 709]
Event: 0.718 Thread 0x00007fdd97002800 Exception <a 'java/io/FileNotFoundException'> (0x00000007aadccaf8) thrown at [/Users/java_re/workspace/8-2-build-macosx-x86_64/jdk8u112/7935/hotspot/src/share/vm/prims/jni.cpp, line 709]

Events (10 events):
Event: 1.137 loading class SimplexNoise_octave$Grad
Event: 1.137 loading class SimplexNoise_octave$Grad done
Event: 1.274 loading class Textures
Event: 1.274 loading class Textures done
Event: 1.307 Thread 0x00007fdd97002800 DEOPT PACKING pc=0x00000001153fc0fb sp=0x000070000330c630
Event: 1.307 Thread 0x00007fdd97002800 DEOPT UNPACKING pc=0x000000011523b633 sp=0x000070000330c380 mode 0
Event: 1.307 Thread 0x00007fdd97002800 DEOPT PACKING pc=0x00000001153fc0fb sp=0x000070000330c630
Event: 1.307 Thread 0x00007fdd97002800 DEOPT UNPACKING pc=0x000000011523b633 sp=0x000070000330c380 mode 0
Event: 1.326 Thread 0x00007fdd97002800 DEOPT PACKING pc=0x00000001153fc0fb sp=0x000070000330c630
Event: 1.326 Thread 0x00007fdd97002800 DEOPT UNPACKING pc=0x000000011523b633 sp=0x000070000330c380 mode 0


Dynamic libraries:
0x00000000183c7000 	/System/Library/Frameworks/Cocoa.framework/Versions/A/Cocoa
0x00000000183c7000 	/System/Library/Frameworks/Security.framework/Versions/A/Security
0x00000000183c7000 	/System/Library/Frameworks/ApplicationServices.framework/Versions/A/ApplicationServices
0x00000000183c7000 	/usr/lib/libz.1.dylib
0x00000000183c7000 	/usr/lib/libSystem.B.dylib
0x00000000183c7000 	/usr/lib/libobjc.A.dylib
0x00000000183c7000 	/System/Library/Frameworks/CoreFoundation.framework/Versions/A/CoreFoundation
0x00000000183c7000 	/System/Library/Frameworks/Foundation.framework/Versions/C/Foundation
0x00000000183c7000 	/System/Library/Frameworks/AppKit.framework/Versions/C/AppKit
0x00000000183c7000 	/System/Library/Frameworks/CoreData.framework/Versions/A/CoreData
0x00000000183c7000 	/System/Library/PrivateFrameworks/RemoteViewServices.framework/Versions/A/RemoteViewServices
0x00000000183c7000 	/System/Library/PrivateFrameworks/UIFoundation.framework/Versions/A/UIFoundation
0x00000000183c7000 	/System/Library/PrivateFrameworks/DFRFoundation.framework/Versions/A/DFRFoundation
0x00000000183c7000 	/usr/lib/libenergytrace.dylib
0x00000000183c7000 	/System/Library/PrivateFrameworks/SkyLight.framework/Versions/A/SkyLight
0x00000000183c7000 	/System/Library/Frameworks/CoreGraphics.framework/Versions/A/CoreGraphics
0x00000000183c7000 	/usr/lib/libScreenReader.dylib
0x00000000183c7000 	/System/Library/Frameworks/Accelerate.framework/Versions/A/Accelerate
0x00000000183c7000 	/System/Library/Frameworks/IOSurface.framework/Versions/A/IOSurface
0x00000000183c7000 	/System/Library/Frameworks/AudioToolbox.framework/Versions/A/AudioToolbox
0x00000000183c7000 	/System/Library/Frameworks/AudioUnit.framework/Versions/A/AudioUnit
0x00000000183c7000 	/System/Library/PrivateFrameworks/DataDetectorsCore.framework/Versions/A/DataDetectorsCore
0x00000000183c7000 	/System/Library/PrivateFrameworks/DesktopServicesPriv.framework/Versions/A/DesktopServicesPriv
0x00000000183c7000 	/System/Library/Frameworks/Carbon.framework/Versions/A/Frameworks/HIToolbox.framework/Versions/A/HIToolbox
0x00000000183c7000 	/usr/lib/libicucore.A.dylib
0x00000000183c7000 	/System/Library/Frameworks/QuartzCore.framework/Versions/A/QuartzCore
0x00000000183c7000 	/System/Library/Frameworks/Carbon.framework/Versions/A/Frameworks/SpeechRecognition.framework/Versions/A/SpeechRecognition
0x00000000183c7000 	/usr/lib/libauto.dylib
0x00000000183c7000 	/usr/lib/libxml2.2.dylib
0x00000000183c7000 	/System/Library/PrivateFrameworks/CoreUI.framework/Versions/A/CoreUI
0x00000000183c7000 	/System/Library/Frameworks/CoreAudio.framework/Versions/A/CoreAudio
0x00000000183c7000 	/System/Library/Frameworks/DiskArbitration.framework/Versions/A/DiskArbitration
0x00000000183c7000 	/usr/lib/liblangid.dylib
0x00000000183c7000 	/System/Library/PrivateFrameworks/MultitouchSupport.framework/Versions/A/MultitouchSupport
0x00000000183c7000 	/System/Library/Frameworks/IOKit.framework/Versions/A/IOKit
0x00000000183c7000 	/usr/lib/libDiagnosticMessagesClient.dylib
0x00000000183c7000 	/System/Library/Frameworks/CoreServices.framework/Versions/A/CoreServices
0x00000000183c7000 	/System/Library/PrivateFrameworks/PerformanceAnalysis.framework/Versions/A/PerformanceAnalysis
0x00000000183c7000 	/System/Library/PrivateFrameworks/GenerationalStorage.framework/Versions/A/GenerationalStorage
0x00000000183c7000 	/System/Library/Frameworks/OpenGL.framework/Versions/A/OpenGL
0x00000000183c7000 	/System/Library/Frameworks/CoreImage.framework/Versions/A/CoreImage
0x00000000183c7000 	/System/Library/Frameworks/CoreText.framework/Versions/A/CoreText
0x00000000183c7000 	/System/Library/Frameworks/ImageIO.framework/Versions/A/ImageIO
0x00000000183c7000 	/System/Library/PrivateFrameworks/Backup.framework/Versions/A/Backup
0x00000000183c7000 	/usr/lib/libarchive.2.dylib
0x00000000183c7000 	/System/Library/Frameworks/CFNetwork.framework/Versions/A/CFNetwork
0x00000000183c7000 	/System/Library/Frameworks/SystemConfiguration.framework/Versions/A/SystemConfiguration
0x00000000183c7000 	/usr/lib/libCRFSuite.dylib
0x00000000183c7000 	/usr/lib/libc++.1.dylib
0x00000000183c7000 	/usr/lib/libc++abi.dylib
0x00000000183c7000 	/usr/lib/system/libcache.dylib
0x00000000183c7000 	/usr/lib/system/libcommonCrypto.dylib
0x00000000183c7000 	/usr/lib/system/libcompiler_rt.dylib
0x00000000183c7000 	/usr/lib/system/libcopyfile.dylib
0x00000000183c7000 	/usr/lib/system/libcorecrypto.dylib
0x00000000183c7000 	/usr/lib/system/libdispatch.dylib
0x00000000183c7000 	/usr/lib/system/libdyld.dylib
0x00000000183c7000 	/usr/lib/system/libkeymgr.dylib
0x00000000183c7000 	/usr/lib/system/liblaunch.dylib
0x00000000183c7000 	/usr/lib/system/libmacho.dylib
0x00000000183c7000 	/usr/lib/system/libquarantine.dylib
0x00000000183c7000 	/usr/lib/system/libremovefile.dylib
0x00000000183c7000 	/usr/lib/system/libsystem_asl.dylib
0x00000000183c7000 	/usr/lib/system/libsystem_blocks.dylib
0x00000000183c7000 	/usr/lib/system/libsystem_c.dylib
0x00000000183c7000 	/usr/lib/system/libsystem_configuration.dylib
0x00000000183c7000 	/usr/lib/system/libsystem_coreservices.dylib
0x00000000183c7000 	/usr/lib/system/libsystem_coretls.dylib
0x00000000183c7000 	/usr/lib/system/libsystem_dnssd.dylib
0x00000000183c7000 	/usr/lib/system/libsystem_info.dylib
0x00000000183c7000 	/usr/lib/system/libsystem_kernel.dylib
0x00000000183c7000 	/usr/lib/system/libsystem_m.dylib
0x00000000183c7000 	/usr/lib/system/libsystem_malloc.dylib
0x00000000183c7000 	/usr/lib/system/libsystem_network.dylib
0x00000000183c7000 	/usr/lib/system/libsystem_networkextension.dylib
0x00000000183c7000 	/usr/lib/system/libsystem_notify.dylib
0x00000000183c7000 	/usr/lib/system/libsystem_platform.dylib
0x00000000183c7000 	/usr/lib/system/libsystem_pthread.dylib
0x00000000183c7000 	/usr/lib/system/libsystem_sandbox.dylib
0x00000000183c7000 	/usr/lib/system/libsystem_secinit.dylib
0x00000000183c7000 	/usr/lib/system/libsystem_symptoms.dylib
0x00000000183c7000 	/usr/lib/system/libsystem_trace.dylib
0x00000000183c7000 	/usr/lib/system/libunwind.dylib
0x00000000183c7000 	/usr/lib/system/libxpc.dylib
0x00000000183c7000 	/usr/lib/libbsm.0.dylib
0x00000000183c7000 	/usr/lib/system/libkxld.dylib
0x00000000183c7000 	/usr/lib/libcoretls.dylib
0x00000000183c7000 	/usr/lib/libcoretls_cfhelpers.dylib
0x00000000183c7000 	/usr/lib/libOpenScriptingUtil.dylib
0x00000000183c7000 	/usr/lib/libpam.2.dylib
0x00000000183c7000 	/usr/lib/libsqlite3.dylib
0x00000000183c7000 	/usr/lib/libxar.1.dylib
0x00000000183c7000 	/usr/lib/libbz2.1.0.dylib
0x00000000183c7000 	/usr/lib/liblzma.5.dylib
0x00000000183c7000 	/usr/lib/libnetwork.dylib
0x00000000183c7000 	/usr/lib/libpcap.A.dylib
0x00000000183c7000 	/System/Library/Frameworks/CoreServices.framework/Versions/A/Frameworks/FSEvents.framework/Versions/A/FSEvents
0x00000000183c7000 	/System/Library/Frameworks/CoreServices.framework/Versions/A/Frameworks/CarbonCore.framework/Versions/A/CarbonCore
0x00000000183c7000 	/System/Library/Frameworks/CoreServices.framework/Versions/A/Frameworks/Metadata.framework/Versions/A/Metadata
0x00000000183c7000 	/System/Library/Frameworks/CoreServices.framework/Versions/A/Frameworks/OSServices.framework/Versions/A/OSServices
0x00000000183c7000 	/System/Library/Frameworks/CoreServices.framework/Versions/A/Frameworks/SearchKit.framework/Versions/A/SearchKit
0x00000000183c7000 	/System/Library/Frameworks/CoreServices.framework/Versions/A/Frameworks/AE.framework/Versions/A/AE
0x00000000183c7000 	/System/Library/Frameworks/CoreServices.framework/Versions/A/Frameworks/LaunchServices.framework/Versions/A/LaunchServices
0x00000000183c7000 	/System/Library/Frameworks/CoreServices.framework/Versions/A/Frameworks/DictionaryServices.framework/Versions/A/DictionaryServices
0x00000000183c7000 	/System/Library/Frameworks/CoreServices.framework/Versions/A/Frameworks/SharedFileList.framework/Versions/A/SharedFileList
0x00000000183c7000 	/System/Library/Frameworks/NetFS.framework/Versions/A/NetFS
0x00000000183c7000 	/System/Library/PrivateFrameworks/NetAuth.framework/Versions/A/NetAuth
0x00000000183c7000 	/System/Library/PrivateFrameworks/login.framework/Versions/A/Frameworks/loginsupport.framework/Versions/A/loginsupport
0x00000000183c7000 	/System/Library/PrivateFrameworks/TCC.framework/Versions/A/TCC
0x00000000183c7000 	/usr/lib/libmecabra.dylib
0x00000000183c7000 	/System/Library/Frameworks/ApplicationServices.framework/Versions/A/Frameworks/ATS.framework/Versions/A/ATS
0x00000000183c7000 	/System/Library/Frameworks/ApplicationServices.framework/Versions/A/Frameworks/ColorSync.framework/Versions/A/ColorSync
0x00000000183c7000 	/System/Library/Frameworks/ApplicationServices.framework/Versions/A/Frameworks/HIServices.framework/Versions/A/HIServices
0x00000000183c7000 	/System/Library/Frameworks/ApplicationServices.framework/Versions/A/Frameworks/LangAnalysis.framework/Versions/A/LangAnalysis
0x00000000183c7000 	/System/Library/Frameworks/ApplicationServices.framework/Versions/A/Frameworks/PrintCore.framework/Versions/A/PrintCore
0x00000000183c7000 	/System/Library/Frameworks/ApplicationServices.framework/Versions/A/Frameworks/QD.framework/Versions/A/QD
0x00000000183c7000 	/System/Library/Frameworks/ApplicationServices.framework/Versions/A/Frameworks/SpeechSynthesis.framework/Versions/A/SpeechSynthesis
0x00000000183c7000 	/System/Library/Frameworks/Accelerate.framework/Versions/A/Frameworks/vImage.framework/Versions/A/vImage
0x00000000183c7000 	/System/Library/Frameworks/Accelerate.framework/Versions/A/Frameworks/vecLib.framework/Versions/A/vecLib
0x00000000183c7000 	/System/Library/Frameworks/Accelerate.framework/Versions/A/Frameworks/vecLib.framework/Versions/A/libvDSP.dylib
0x00000000183c7000 	/System/Library/Frameworks/Accelerate.framework/Versions/A/Frameworks/vecLib.framework/Versions/A/libBNNS.dylib
0x00000000183c7000 	/System/Library/Frameworks/Accelerate.framework/Versions/A/Frameworks/vecLib.framework/Versions/A/libQuadrature.dylib
0x00000000183c7000 	/System/Library/Frameworks/Accelerate.framework/Versions/A/Frameworks/vecLib.framework/Versions/A/libvMisc.dylib
0x00000000183c7000 	/System/Library/Frameworks/Accelerate.framework/Versions/A/Frameworks/vecLib.framework/Versions/A/libLAPACK.dylib
0x00000000183c7000 	/System/Library/Frameworks/Accelerate.framework/Versions/A/Frameworks/vecLib.framework/Versions/A/libBLAS.dylib
0x00000000183c7000 	/System/Library/Frameworks/Accelerate.framework/Versions/A/Frameworks/vecLib.framework/Versions/A/libLinearAlgebra.dylib
0x00000000183c7000 	/System/Library/Frameworks/Accelerate.framework/Versions/A/Frameworks/vecLib.framework/Versions/A/libSparseBLAS.dylib
0x00000000183c7000 	/System/Library/Frameworks/ApplicationServices.framework/Versions/A/Frameworks/ATS.framework/Versions/A/Resources/libFontParser.dylib
0x00000000183c7000 	/System/Library/Frameworks/ApplicationServices.framework/Versions/A/Frameworks/ATS.framework/Versions/A/Resources/libFontRegistry.dylib
0x00000000183c7000 	/System/Library/Frameworks/ImageIO.framework/Versions/A/Resources/libJPEG.dylib
0x00000000183c7000 	/System/Library/Frameworks/ImageIO.framework/Versions/A/Resources/libTIFF.dylib
0x00000000183c7000 	/System/Library/Frameworks/ImageIO.framework/Versions/A/Resources/libPng.dylib
0x00000000183c7000 	/System/Library/Frameworks/ImageIO.framework/Versions/A/Resources/libGIF.dylib
0x00000000183c7000 	/System/Library/Frameworks/ImageIO.framework/Versions/A/Resources/libJP2.dylib
0x00000000183c7000 	/System/Library/Frameworks/ImageIO.framework/Versions/A/Resources/libRadiance.dylib
0x00000000183c7000 	/usr/lib/libcompression.dylib
0x00000000183c7000 	/System/Library/PrivateFrameworks/AppleJPEG.framework/Versions/A/AppleJPEG
0x00000000183c7000 	/usr/lib/libcups.2.dylib
0x00000000183c7000 	/System/Library/Frameworks/Kerberos.framework/Versions/A/Kerberos
0x00000000183c7000 	/System/Library/Frameworks/GSS.framework/Versions/A/GSS
0x00000000183c7000 	/usr/lib/libresolv.9.dylib
0x00000000183c7000 	/usr/lib/libiconv.2.dylib
0x00000000183c7000 	/System/Library/PrivateFrameworks/Heimdal.framework/Versions/A/Heimdal
0x00000000183c7000 	/usr/lib/libheimdal-asn1.dylib
0x00000000183c7000 	/System/Library/Frameworks/OpenDirectory.framework/Versions/A/OpenDirectory
0x00000000183c7000 	/System/Library/PrivateFrameworks/CommonAuth.framework/Versions/A/CommonAuth
0x00000000183c7000 	/System/Library/Frameworks/OpenDirectory.framework/Versions/A/Frameworks/CFOpenDirectory.framework/Versions/A/CFOpenDirectory
0x00000000183c7000 	/System/Library/Frameworks/SecurityFoundation.framework/Versions/A/SecurityFoundation
0x00000000183c7000 	/System/Library/PrivateFrameworks/LanguageModeling.framework/Versions/A/LanguageModeling
0x00000000183c7000 	/usr/lib/libmarisa.dylib
0x00000000183c7000 	/usr/lib/libChineseTokenizer.dylib
0x00000000183c7000 	/usr/lib/libcmph.dylib
0x00000000183c7000 	/System/Library/PrivateFrameworks/CoreEmoji.framework/Versions/A/CoreEmoji
0x00000000183c7000 	/System/Library/Frameworks/ServiceManagement.framework/Versions/A/ServiceManagement
0x00000000183c7000 	/usr/lib/libxslt.1.dylib
0x00000000183c7000 	/System/Library/Frameworks/Carbon.framework/Versions/A/Frameworks/Ink.framework/Versions/A/Ink
0x00000000183c7000 	/System/Library/PrivateFrameworks/TextureIO.framework/Versions/A/TextureIO
0x00000000183c7000 	/System/Library/Frameworks/Metal.framework/Versions/A/Metal
0x00000000183c7000 	/usr/lib/libate.dylib
0x00000000183c7000 	/System/Library/PrivateFrameworks/GPUCompiler.framework/libmetal_timestamp.dylib
0x00000000183c7000 	/System/Library/Frameworks/OpenGL.framework/Versions/A/Libraries/libCoreFSCache.dylib
0x00000000183c7000 	/System/Library/PrivateFrameworks/IOAccelerator.framework/Versions/A/IOAccelerator
0x00000000183c7000 	/System/Library/Frameworks/CoreVideo.framework/Versions/A/CoreVideo
0x00000000183c7000 	/usr/lib/libFosl_dynamic.dylib
0x00000000183c7000 	/System/Library/PrivateFrameworks/MetalPerformanceShaders.framework/Versions/A/MetalPerformanceShaders
0x00000000183c7000 	/System/Library/PrivateFrameworks/FaceCore.framework/Versions/A/FaceCore
0x00000000183c7000 	/System/Library/Frameworks/OpenCL.framework/Versions/A/OpenCL
0x00000000183c7000 	/System/Library/Frameworks/OpenGL.framework/Versions/A/Libraries/libGLU.dylib
0x00000000183c7000 	/System/Library/Frameworks/OpenGL.framework/Versions/A/Libraries/libGFXShared.dylib
0x00000000183c7000 	/System/Library/Frameworks/OpenGL.framework/Versions/A/Libraries/libGL.dylib
0x00000000183c7000 	/System/Library/Frameworks/OpenGL.framework/Versions/A/Libraries/libGLImage.dylib
0x00000000183c7000 	/System/Library/Frameworks/OpenGL.framework/Versions/A/Libraries/libCVMSPluginSupport.dylib
0x00000000183c7000 	/System/Library/Frameworks/OpenGL.framework/Versions/A/Libraries/libCoreVMClient.dylib
0x00000000183c7000 	/System/Library/PrivateFrameworks/CrashReporterSupport.framework/Versions/A/CrashReporterSupport
0x00000000183c7000 	/System/Library/PrivateFrameworks/Sharing.framework/Versions/A/Sharing
0x00000000183c7000 	/System/Library/PrivateFrameworks/IconServices.framework/Versions/A/IconServices
0x00000000183c7000 	/System/Library/PrivateFrameworks/ProtocolBuffer.framework/Versions/A/ProtocolBuffer
0x00000000183c7000 	/System/Library/PrivateFrameworks/Apple80211.framework/Versions/A/Apple80211
0x00000000183c7000 	/System/Library/Frameworks/CoreWLAN.framework/Versions/A/CoreWLAN
0x00000000183c7000 	/System/Library/PrivateFrameworks/CoreUtils.framework/Versions/A/CoreUtils
0x00000000183c7000 	/System/Library/Frameworks/IOBluetooth.framework/Versions/A/IOBluetooth
0x00000000183c7000 	/System/Library/PrivateFrameworks/CoreWiFi.framework/Versions/A/CoreWiFi
0x00000000183c7000 	/System/Library/Frameworks/CoreBluetooth.framework/Versions/A/CoreBluetooth
0x00000000183c7000 	/System/Library/Frameworks/CoreDisplay.framework/Versions/A/CoreDisplay
0x00000000183c7000 	/System/Library/PrivateFrameworks/IOPresentment.framework/Versions/A/IOPresentment
0x00000000183c7000 	/System/Library/PrivateFrameworks/DSExternalDisplay.framework/Versions/A/DSExternalDisplay
0x00000000183c7000 	/System/Library/PrivateFrameworks/DebugSymbols.framework/Versions/A/DebugSymbols
0x00000000183c7000 	/System/Library/PrivateFrameworks/CoreSymbolication.framework/Versions/A/CoreSymbolication
0x00000000183c7000 	/System/Library/PrivateFrameworks/Symbolication.framework/Versions/A/Symbolication
0x00000000183c7000 	/System/Library/PrivateFrameworks/AppleFSCompression.framework/Versions/A/AppleFSCompression
0x00000000183c7000 	/System/Library/PrivateFrameworks/SpeechRecognitionCore.framework/Versions/A/SpeechRecognitionCore
0x00000000183c7000 	/System/Library/PrivateFrameworks/ChunkingLibrary.framework/Versions/A/ChunkingLibrary
0x0000000106554000 	/Library/Java/JavaVirtualMachines/jdk1.8.0_112.jdk/Contents/Home/jre/lib/server/libjvm.dylib
0x00000000183c7000 	/usr/lib/libstdc++.6.dylib
0x00000001074f6000 	/Library/Java/JavaVirtualMachines/jdk1.8.0_112.jdk/Contents/Home/jre/lib/libverify.dylib
0x0000000107504000 	/Library/Java/JavaVirtualMachines/jdk1.8.0_112.jdk/Contents/Home/jre/lib/libjava.dylib
0x0000000107543000 	/Library/Java/JavaVirtualMachines/jdk1.8.0_112.jdk/Contents/Home/jre/lib/libzip.dylib
0x00000001075e4000 	/System/Library/Frameworks/JavaVM.framework/Frameworks/JavaRuntimeSupport.framework/JavaRuntimeSupport
0x000000010c162000 	/System/Library/Frameworks/JavaVM.framework/Versions/A/Frameworks/JavaNativeFoundation.framework/Versions/A/JavaNativeFoundation
0x000000010c177000 	/System/Library/Frameworks/JavaVM.framework/Versions/A/JavaVM
0x00000000183c7000 	/System/Library/Frameworks/Carbon.framework/Versions/A/Carbon
0x000000010c184000 	/System/Library/PrivateFrameworks/JavaLaunching.framework/Versions/A/JavaLaunching
0x00000000183c7000 	/System/Library/Frameworks/Carbon.framework/Versions/A/Frameworks/CommonPanels.framework/Versions/A/CommonPanels
0x00000000183c7000 	/System/Library/Frameworks/Carbon.framework/Versions/A/Frameworks/Help.framework/Versions/A/Help
0x00000000183c7000 	/System/Library/Frameworks/Carbon.framework/Versions/A/Frameworks/ImageCapture.framework/Versions/A/ImageCapture
0x00000000183c7000 	/System/Library/Frameworks/Carbon.framework/Versions/A/Frameworks/OpenScripting.framework/Versions/A/OpenScripting
0x00000000183c7000 	/System/Library/Frameworks/Carbon.framework/Versions/A/Frameworks/Print.framework/Versions/A/Print
0x00000000183c7000 	/System/Library/Frameworks/Carbon.framework/Versions/A/Frameworks/SecurityHI.framework/Versions/A/SecurityHI
0x000000010dac7000 	/Library/Java/JavaVirtualMachines/jdk1.8.0_112.jdk/Contents/Home/jre/lib/libawt.dylib
0x000000010db6f000 	/Library/Java/JavaVirtualMachines/jdk1.8.0_112.jdk/Contents/Home/jre/lib/./libmlib_image.dylib
0x000000010dc3b000 	/Library/Java/JavaVirtualMachines/jdk1.8.0_112.jdk/Contents/Home/jre/lib/libawt_lwawt.dylib
0x000000010dcf2000 	/Library/Java/JavaVirtualMachines/jdk1.8.0_112.jdk/Contents/Home/jre/lib/./libosxapp.dylib
0x00000000183c7000 	/System/Library/Frameworks/ExceptionHandling.framework/Versions/A/ExceptionHandling
0x00000000183c7000 	/System/Library/PrivateFrameworks/CoreServicesInternal.framework/Versions/A/CoreServicesInternal
0x00000000183c7000 	/System/Library/CoreServices/RawCamera.bundle/Contents/MacOS/RawCamera
0x00000000183c7000 	/System/Library/Frameworks/Accelerate.framework/Versions/A/Frameworks/vImage.framework/Versions/A/Libraries/libCGInterfaces.dylib
0x00000000183c7000 	/System/Library/Frameworks/ApplicationServices.framework/Versions/A/Frameworks/ATS.framework/Versions/A/Resources/libTrueTypeScaler.dylib
0x000000010fcce000 	/System/Library/Frameworks/OpenGL.framework/Resources/GLEngine.bundle/GLEngine
0x00000000183c7000 	/System/Library/Frameworks/OpenGL.framework/Versions/A/Libraries/libGLProgrammability.dylib
0x000000010feb3000 	/System/Library/Extensions/AppleIntelHD5000GraphicsGLDriver.bundle/Contents/MacOS/AppleIntelHD5000GraphicsGLDriver
0x00000000183c7000 	/System/Library/PrivateFrameworks/GPUSupport.framework/Versions/A/Libraries/libGPUSupportMercury.dylib
0x0000000110621000 	/System/Library/Frameworks/OpenGL.framework/Resources//GLRendererFloat.bundle/GLRendererFloat
0x00000000183c7000 	/System/Library/Frameworks/OpenCL.framework/Versions/A/Libraries/libcldcpuengine.dylib
0x00000000183c7000 	/usr/lib/libcrypto.0.9.8.dylib
0x00000000183c7000 	/System/Library/PrivateFrameworks/TrustEvaluationAgent.framework/Versions/A/TrustEvaluationAgent
0x0000000110655000 	/System/Library/Extensions/AppleIntelHD5000GraphicsMTLDriver.bundle/Contents/MacOS/AppleIntelHD5000GraphicsMTLDriver
0x00000000183c7000 	/System/Library/PrivateFrameworks/FamilyControls.framework/Versions/A/FamilyControls
0x00000000183c7000 	/System/Library/PrivateFrameworks/CommerceKit.framework/Versions/A/Frameworks/CommerceCore.framework/Versions/A/CommerceCore
0x00000000183c7000 	/System/Library/PrivateFrameworks/SystemAdministration.framework/Versions/A/SystemAdministration
0x00000000183c7000 	/System/Library/PrivateFrameworks/AppContainer.framework/Versions/A/AppContainer
0x00000000183c7000 	/System/Library/PrivateFrameworks/SecCodeWrapper.framework/Versions/A/SecCodeWrapper
0x00000000183c7000 	/System/Library/Frameworks/DirectoryService.framework/Versions/A/DirectoryService
0x00000000183c7000 	/System/Library/PrivateFrameworks/DiskImages.framework/Versions/A/DiskImages
0x00000000183c7000 	/System/Library/PrivateFrameworks/LoginUIKit.framework/Versions/A/Frameworks/LoginUICore.framework/Versions/A/LoginUICore
0x00000000183c7000 	/usr/lib/libCoreStorage.dylib
0x00000000183c7000 	/usr/lib/libcsfde.dylib
0x00000000183c7000 	/usr/lib/libodfde.dylib
0x00000000183c7000 	/System/Library/Frameworks/DiscRecording.framework/Versions/A/DiscRecording
0x00000000183c7000 	/usr/lib/libcurl.4.dylib
0x00000000183c7000 	/System/Library/PrivateFrameworks/MediaKit.framework/Versions/A/MediaKit
0x00000000183c7000 	/System/Library/PrivateFrameworks/ProtectedCloudStorage.framework/Versions/A/ProtectedCloudStorage
0x00000000183c7000 	/System/Library/PrivateFrameworks/EFILogin.framework/Versions/A/EFILogin
0x00000000183c7000 	/usr/lib/libutil.dylib
0x00000000183c7000 	/System/Library/Frameworks/LDAP.framework/Versions/A/LDAP
0x00000000183c7000 	/usr/lib/libsasl2.2.dylib
0x00000000183c7000 	/System/Library/PrivateFrameworks/CoreDaemon.framework/Versions/B/CoreDaemon
0x00000000183c7000 	/System/Library/PrivateFrameworks/AppleSRP.framework/Versions/A/AppleSRP
0x00000000183c7000 	/System/Library/PrivateFrameworks/APFS.framework/Versions/A/APFS
0x00000001119a7000 	/Library/Java/JavaVirtualMachines/jdk1.8.0_112.jdk/Contents/Home/jre/lib/libfontmanager.dylib
0x0000000111a0e000 	/Users/jonathanquiros/Programming/Projects/CS445/lwjgl-2.9.2/native/macosx/liblwjgl.dylib
0x000000010e3ab000 	/Library/Java/JavaVirtualMachines/jdk1.8.0_112.jdk/Contents/Home/jre/lib/libjawt.dylib
0x00000000183c7000 	/System/Library/PrivateFrameworks/ViewBridge.framework/Versions/A/ViewBridge
0x00000000183c7000 	/System/Library/PrivateFrameworks/XPCService.framework/Versions/A/XPCService
0x00000000183c7000 	/System/Library/PrivateFrameworks/AppSandbox.framework/Versions/A/AppSandbox
0x00000000183c7000 	/usr/lib/libsandbox.1.dylib
0x00000000183c7000 	/usr/lib/libMatch.1.dylib

VM Arguments:
jvm_args: -Dfile.encoding=UTF-8 -Djava.library.path=/Users/jonathanquiros/programming/projects/cs445/lwjgl-2.9.2/native/macosx 
java_command: Main
java_class_path (initial): /Users/jonathanquiros/Programming/Projects/CS445/lwjgl-2.9.2/jar/jinput.jar:/Users/jonathanquiros/Programming/Projects/CS445/lwjgl-2.9.2/jar/lwjgl.jar:/Users/jonathanquiros/Programming/Projects/CS445/lwjgl-2.9.2/jar/lwjgl_util.jar:/Users/jonathanquiros/Programming/Projects/CS445/lwjgl-2.9.2/jar/AppleJavaExtensions.jar:/Users/jonathanquiros/Programming/Projects/CS445/lwjgl-2.9.2/jar/asm-debug-all.jar:/Users/jonathanquiros/Programming/Projects/CS445/lwjgl-2.9.2/jar/lwjgl-debug.jar:/Users/jonathanquiros/Programming/Projects/CS445/lwjgl-2.9.2/jar/lwjgl_test.jar:/Users/jonathanquiros/Programming/Projects/CS445/lwjgl-2.9.2/jar/lwjgl_util_applet.jar:/Users/jonathanquiros/Programming/Projects/CS445/lwjgl-2.9.2/jar/lzma.jar:/Users/jonathanquiros/NetBeansProjects/CS445-Group-Project/slick-util.jar:/Users/jonathanquiros/NetBeansProjects/CS445-Group-Project/build/classes
Launcher Type: SUN_STANDARD

Environment Variables:
PATH=/usr/bin:/bin:/usr/sbin:/sbin
LD_LIBRARY_PATH=/Library/Java/JavaVirtualMachines/jdk1.8.0_112.jdk/Contents/Home/jre/lib/amd64:/Library/Java/JavaVirtualMachines/jdk1.8.0_112.jdk/Contents/Home/jre/lib/i386:
SHELL=/bin/bash
DISPLAY=/private/tmp/com.apple.launchd.LzCigmwkTP/org.macosforge.xquartz:0

Signal Handlers:
SIGSEGV: [libjvm.dylib+0x5b11a5], sa_mask[0]=11111111011111110111111111111111, sa_flags=SA_ONSTACK|SA_RESTART|SA_SIGINFO
SIGBUS: [libjvm.dylib+0x5b11a5], sa_mask[0]=11111111011111110111111111111111, sa_flags=SA_RESTART|SA_SIGINFO
SIGFPE: [libjvm.dylib+0x487dc0], sa_mask[0]=11111111011111110111111111111111, sa_flags=SA_RESTART|SA_SIGINFO
SIGPIPE: [libjvm.dylib+0x487dc0], sa_mask[0]=11111111011111110111111111111111, sa_flags=SA_RESTART|SA_SIGINFO
SIGXFSZ: [libjvm.dylib+0x487dc0], sa_mask[0]=11111111011111110111111111111111, sa_flags=SA_RESTART|SA_SIGINFO
SIGILL: [libjvm.dylib+0x487dc0], sa_mask[0]=11111111011111110111111111111111, sa_flags=SA_RESTART|SA_SIGINFO
SIGUSR1: SIG_DFL, sa_mask[0]=00000000000000000000000000000000, sa_flags=none
SIGUSR2: [libjvm.dylib+0x4878de], sa_mask[0]=00100000000000000000000000000000, sa_flags=SA_RESTART|SA_SIGINFO
SIGHUP: [libjvm.dylib+0x485eb5], sa_mask[0]=11111111011111110111111111111111, sa_flags=SA_RESTART|SA_SIGINFO
SIGINT: SIG_IGN, sa_mask[0]=00000000000000000000000000000000, sa_flags=none
SIGTERM: [libjvm.dylib+0x485eb5], sa_mask[0]=11111111011111110111111111111111, sa_flags=SA_RESTART|SA_SIGINFO
SIGQUIT: [libjvm.dylib+0x485eb5], sa_mask[0]=11111111011111110111111111111111, sa_flags=SA_RESTART|SA_SIGINFO


---------------  S Y S T E M  ---------------

OS:Bsduname:Darwin 16.5.0 Darwin Kernel Version 16.5.0: Fri Mar  3 16:52:33 PST 2017; root:xnu-3789.51.2~3/RELEASE_X86_64 x86_64
rlimit: STACK 8192k, CORE 0k, NPROC 709, NOFILE 10240, AS infinity
load average:2.25 4.01 4.03

CPU:total 4 (2 cores per cpu, 2 threads per core) family 6 model 69 stepping 1, cmov, cx8, fxsr, mmx, sse, sse2, sse3, ssse3, sse4.1, sse4.2, popcnt, avx, avx2, aes, clmul, erms, lzcnt, ht, tsc, tscinvbit, bmi1, bmi2

Memory: 4k page, physical 4194304k(21640k free)

/proc/meminfo:


vm_info: Java HotSpot(TM) 64-Bit Server VM (25.112-b16) for bsd-amd64 JRE (1.8.0_112-b16), built on Sep 30 2016 22:41:41 by "java_re" with gcc 4.2.1 (Based on Apple Inc. build 5658) (LLVM build 2336.11.00)

time: Mon May 29 14:02:58 2017
elapsed time: 1 seconds (0d 0h 0m 1s)

