#
# A fatal error has been detected by the Java Runtime Environment:
#
#  SIGSEGV (0xb) at pc=0x000000011e1a443c, pid=48871, tid=0x0000000000001b03
#
# JRE version: Java(TM) SE Runtime Environment (8.0_112-b16) (build 1.8.0_112-b16)
# Java VM: Java HotSpot(TM) 64-Bit Server VM (25.112-b16 mixed mode bsd-amd64 compressed oops)
# Problematic frame:
# C  [GLEngine+0x15743c]  gleRunVertexSubmitImmediate+0x2eec
#
# Failed to write core dump. Core dumps have been disabled. To enable core dumping, try "ulimit -c unlimited" before starting Java again
#
# If you would like to submit a bug report, please visit:
#   http://bugreport.java.com/bugreport/crash.jsp
# The crash happened outside the Java Virtual Machine in native code.
# See problematic frame for where to report the bug.
#

---------------  T H R E A D  ---------------

Current thread (0x00007f7fb9806000):  JavaThread "main" [_thread_in_native, id=6915, stack(0x00007000030ad000,0x00007000031ad000)]

siginfo: si_signo: 11 (SIGSEGV), si_code: 1 (SEGV_MAPERR), si_addr: 0x0000000000000008

Registers:
RAX=0x0000000000000000, RBX=0x0000000000000c33, RCX=0x000000011e1a3be9, RDX=0x0000000000000003
RSP=0x00007000031ac340, RBP=0x00007000031ac5d0, RSI=0x0000000003300000, RDI=0x0000000000000006
R8 =0x00000c3300801800, R9 =0x00007f7fb8754220, R10=0x0000000000000c33, R11=0x00007f7fbb001400
R12=0x0000000000000006, R13=0x0000000000000003, R14=0x0000000186601003, R15=0x0000000000000001
RIP=0x000000011e1a443c, EFLAGS=0x0000000000010297, ERR=0x0000000000000004
  TRAPNO=0x000000000000000e

Top of Stack: (sp=0x00007000031ac340)
0x00007000031ac340:   0000000000000003 0000000000000000
0x00007000031ac350:   0000000000000000 0000000000000000
0x00007000031ac360:   0000000000000000 0000000000000000
0x00007000031ac370:   0000000000000000 0000000000000000
0x00007000031ac380:   0000000000000000 0000000000000000
0x00007000031ac390:   0000000000000000 0000000000000000
0x00007000031ac3a0:   0000000000000000 0000000000000000
0x00007000031ac3b0:   0000000000000000 0000000000000000
0x00007000031ac3c0:   0000000000000000 0000000000000000
0x00007000031ac3d0:   0000000000000000 0000000000000000
0x00007000031ac3e0:   0000000000000000 0000000000000000
0x00007000031ac3f0:   0000000000000000 0000000000000000
0x00007000031ac400:   0000000000000000 0000000000000000
0x00007000031ac410:   00007f7fbb0015a0 00007f7fbb001560
0x00007000031ac420:   00007f7fbb001580 00007f7fbb001550
0x00007000031ac430:   00007f7fbb001590 0000000000000000
0x00007000031ac440:   00007f7fbb001570 00007f7fbb001540
0x00007000031ac450:   0000000000000000 00007000031ac568
0x00007000031ac460:   00007f7fbb001590 bb00159000000000
0x00007000031ac470:   0000000000000000 0000000000000000
0x00007000031ac480:   0000000000000000 0000000000000000
0x00007000031ac490:   7a00000300000000 0000000000000000
0x00007000031ac4a0:   0000000186601003 00007f7fbb001590
0x00007000031ac4b0:   bb00159000000000 0000000000000000
0x00007000031ac4c0:   00007f7fbb001400 000000001000e010
0x00007000031ac4d0:   fffffffe00000003 0000000000000001
0x00007000031ac4e0:   0000000000000000 00007f7fbb001590
0x00007000031ac4f0:   00007f7fb8754220 0000000002006000
0x00007000031ac500:   00000000ffffffff 0000000000000001
0x00007000031ac510:   00007f7fb89a3300 00007f7fb89a0230
0x00007000031ac520:   0000000000000020 0000000000001548
0x00007000031ac530:   00007000031ac550 000000011e28adbb 

Instructions: (pc=0x000000011e1a443c)
0x000000011e1a441c:   03 00 00 89 8d e4 fe ff ff e9 26 05 00 00 89 8d
0x000000011e1a442c:   e4 fe ff ff e9 1b 05 00 00 48 8b 85 e8 fe ff ff
0x000000011e1a443c:   f3 0f 10 40 08 f2 0f 10 08 66 0f 14 c8 66 0f 29
0x000000011e1a444c:   8d a0 fe ff ff e9 fa 04 00 00 89 8d 9c fe ff ff 

Register to memory mapping:

RAX=0x0000000000000000 is an unknown value
RBX=0x0000000000000c33 is an unknown value
RCX=0x000000011e1a3be9: gleRunVertexSubmitImmediate+0x2699 in /System/Library/Frameworks/OpenGL.framework/Resources/GLEngine.bundle/GLEngine at 0x000000011e04d000
RDX=0x0000000000000003 is an unknown value
RSP=0x00007000031ac340 is pointing into the stack for thread: 0x00007f7fb9806000
RBP=0x00007000031ac5d0 is pointing into the stack for thread: 0x00007f7fb9806000
RSI=0x0000000003300000 is an unknown value
RDI=0x0000000000000006 is an unknown value
R8 =0x00000c3300801800 is an unknown value
R9 =0x00007f7fb8754220 is an unknown value
R10=0x0000000000000c33 is an unknown value
R11=0x00007f7fbb001400 is an unknown value
R12=0x0000000000000006 is an unknown value
R13=0x0000000000000003 is an unknown value
R14=0x0000000186601003 is an unknown value
R15=0x0000000000000001 is an unknown value


Stack: [0x00007000030ad000,0x00007000031ad000],  sp=0x00007000031ac340,  free space=1020k
Native frames: (J=compiled Java code, j=interpreted, Vv=VM code, C=native code)
C  [GLEngine+0x15743c]  gleRunVertexSubmitImmediate+0x2eec
C  [GLEngine+0x27829]  glDrawArrays_Exec+0x284
j  org.lwjgl.opengl.GL11.nglDrawArrays(IIIJ)V+0
j  org.lwjgl.opengl.GL11.glDrawArrays(III)V+20
j  Chunk.render()V+69
j  FPCameraController.gameLoop()V+206
j  Main.start()V+29
j  Main.main([Ljava/lang/String;)V+11
v  ~StubRoutines::call_stub
V  [libjvm.dylib+0x2edbd2]  JavaCalls::call_helper(JavaValue*, methodHandle*, JavaCallArguments*, Thread*)+0x6ae
V  [libjvm.dylib+0x3249ca]  jni_invoke_static(JNIEnv_*, JavaValue*, _jobject*, JNICallType, _jmethodID*, JNI_ArgumentPusher*, Thread*)+0x1bf
V  [libjvm.dylib+0x31d741]  jni_CallStaticVoidMethod+0x15d
C  [java+0x3931]  JavaMain+0x9c4
C  [libsystem_pthread.dylib+0x39af]  _pthread_body+0xb4
C  [libsystem_pthread.dylib+0x38fb]  _pthread_body+0x0
C  [libsystem_pthread.dylib+0x3101]  thread_start+0xd
C  0x0000000000000000

Java frames: (J=compiled Java code, j=interpreted, Vv=VM code)
j  org.lwjgl.opengl.GL11.nglDrawArrays(IIIJ)V+0
j  org.lwjgl.opengl.GL11.glDrawArrays(III)V+20
j  Chunk.render()V+69
j  FPCameraController.gameLoop()V+206
j  Main.start()V+29
j  Main.main([Ljava/lang/String;)V+11
v  ~StubRoutines::call_stub

---------------  P R O C E S S  ---------------

Java Threads: ( => current thread )
  0x00007f7fb986e800 JavaThread "AWT-Shutdown" [_thread_blocked, id=29727, stack(0x0000700003fdd000,0x00007000040dd000)]
  0x00007f7fb88f8000 JavaThread "AppKit Thread" daemon [_thread_in_native, id=775, stack(0x00007fff59c35000,0x00007fff5a435000)]
  0x00007f7fb880a800 JavaThread "Service Thread" daemon [_thread_blocked, id=18691, stack(0x0000700003d54000,0x0000700003e54000)]
  0x00007f7fb9827800 JavaThread "C1 CompilerThread2" daemon [_thread_blocked, id=18179, stack(0x0000700003c51000,0x0000700003d51000)]
  0x00007f7fb9827000 JavaThread "C2 CompilerThread1" daemon [_thread_blocked, id=17667, stack(0x0000700003b4e000,0x0000700003c4e000)]
  0x00007f7fb9811800 JavaThread "C2 CompilerThread0" daemon [_thread_blocked, id=17155, stack(0x0000700003a4b000,0x0000700003b4b000)]
  0x00007f7fb9824800 JavaThread "Signal Dispatcher" daemon [_thread_blocked, id=16643, stack(0x0000700003948000,0x0000700003a48000)]
  0x00007f7fba013000 JavaThread "Finalizer" daemon [_thread_blocked, id=12291, stack(0x00007000037c2000,0x00007000038c2000)]
  0x00007f7fb980e800 JavaThread "Reference Handler" daemon [_thread_blocked, id=11779, stack(0x00007000036bf000,0x00007000037bf000)]
=>0x00007f7fb9806000 JavaThread "main" [_thread_in_native, id=6915, stack(0x00007000030ad000,0x00007000031ad000)]

Other Threads:
  0x00007f7fb903d000 VMThread [stack: 0x00007000035bc000,0x00007000036bc000] [id=11267]
  0x00007f7fb8808800 WatcherThread [stack: 0x0000700003e57000,0x0000700003f57000] [id=19203]

VM state:not at safepoint (normal execution)

VM Mutex/Monitor currently owned by a thread: None

Heap:
 PSYoungGen      total 18944K, used 8912K [0x00000007aab00000, 0x00000007ac000000, 0x00000007c0000000)
  eden space 16384K, 54% used [0x00000007aab00000,0x00000007ab3b4350,0x00000007abb00000)
  from space 2560K, 0% used [0x00000007abd80000,0x00000007abd80000,0x00000007ac000000)
  to   space 2560K, 0% used [0x00000007abb00000,0x00000007abb00000,0x00000007abd80000)
 ParOldGen       total 44032K, used 0K [0x0000000780000000, 0x0000000782b00000, 0x00000007aab00000)
  object space 44032K, 0% used [0x0000000780000000,0x0000000780000000,0x0000000782b00000)
 Metaspace       used 6787K, capacity 6991K, committed 7296K, reserved 1056768K
  class space    used 701K, capacity 792K, committed 896K, reserved 1048576K

Card table byte_map: [0x0000000107562000,0x0000000107763000] byte_map_base: 0x0000000103962000

Marking Bits: (ParMarkBitMap*) 0x0000000106af0d30
 Begin Bits: [0x0000000107763000, 0x0000000108763000)
 End Bits:   [0x0000000108763000, 0x0000000109763000)

Polling page: 0x000000010588b000

CodeCache: size=245760Kb used=2116Kb max_used=2121Kb free=243643Kb
 bounds [0x000000010b51d000, 0x000000010b78d000, 0x000000011a51d000]
 total_blobs=858 nmethods=481 adapters=291
 compilation: enabled

Compilation events (10 events):
Event: 2.412 Thread 0x00007f7fb9827800 nmethod 476 0x000000010b72a810 code [0x000000010b72a980, 0x000000010b72ab50]
Event: 2.412 Thread 0x00007f7fb9827800  477       3       SimplexNoise_octave::noise (406 bytes)
Event: 2.413 Thread 0x00007f7fb9827800 nmethod 477 0x000000010b72abd0 code [0x000000010b72ae60, 0x000000010b72b7d0]
Event: 2.413 Thread 0x00007f7fb9827800  478       1       SimplexNoise_octave::dot (14 bytes)
Event: 2.413 Thread 0x00007f7fb9827800 nmethod 478 0x000000010b72c650 code [0x000000010b72c7a0, 0x000000010b72c8b0]
Event: 2.415 Thread 0x00007f7fb9827800  479       3       SimplexNoise::getNoise (64 bytes)
Event: 2.415 Thread 0x00007f7fb9827800 nmethod 479 0x000000010b72c950 code [0x000000010b72cae0, 0x000000010b72ce08]
Event: 2.417 Thread 0x00007f7fb9827000  480       4       SimplexNoise_octave::noise (406 bytes)
Event: 2.418 Thread 0x00007f7fb9827800  481       3       org.lwjgl.MemoryUtil::getAddress0 (10 bytes)
Event: 2.418 Thread 0x00007f7fb9827800 nmethod 481 0x000000010b72d050 code [0x000000010b72d1c0, 0x000000010b72d370]

GC Heap History (0 events):
No events

Deoptimization events (0 events):
No events

Internal exceptions (10 events):
Event: 0.062 Thread 0x00007f7fb9806000 Exception <a 'java/lang/NoSuchMethodError': Method sun.misc.Unsafe.defineClass(Ljava/lang/String;[BII)Ljava/lang/Class; name or signature does not match> (0x00000007aab07c78) thrown at [/Users/java_re/workspace/8-2-build-macosx-x86_64/jdk8u112/7935/hotspo
Event: 0.062 Thread 0x00007f7fb9806000 Exception <a 'java/lang/NoSuchMethodError': Method sun.misc.Unsafe.prefetchRead(Ljava/lang/Object;J)V name or signature does not match> (0x00000007aab07f60) thrown at [/Users/java_re/workspace/8-2-build-macosx-x86_64/jdk8u112/7935/hotspot/src/share/vm/pri
Event: 0.278 Thread 0x00007f7fb9806000 Exception <a 'java/security/PrivilegedActionException'> (0x00000007aac72c50) thrown at [/Users/java_re/workspace/8-2-build-macosx-x86_64/jdk8u112/7935/hotspot/src/share/vm/prims/jvm.cpp, line 1390]
Event: 0.278 Thread 0x00007f7fb9806000 Exception <a 'java/security/PrivilegedActionException'> (0x00000007aac72e60) thrown at [/Users/java_re/workspace/8-2-build-macosx-x86_64/jdk8u112/7935/hotspot/src/share/vm/prims/jvm.cpp, line 1390]
Event: 0.279 Thread 0x00007f7fb9806000 Exception <a 'java/security/PrivilegedActionException'> (0x00000007aac76350) thrown at [/Users/java_re/workspace/8-2-build-macosx-x86_64/jdk8u112/7935/hotspot/src/share/vm/prims/jvm.cpp, line 1390]
Event: 0.280 Thread 0x00007f7fb9806000 Exception <a 'java/security/PrivilegedActionException'> (0x00000007aac76560) thrown at [/Users/java_re/workspace/8-2-build-macosx-x86_64/jdk8u112/7935/hotspot/src/share/vm/prims/jvm.cpp, line 1390]
Event: 0.441 Thread 0x00007f7fb9806000 Exception <a 'java/lang/NoSuchFieldError': method resolution failed> (0x00000007aad433e8) thrown at [/Users/java_re/workspace/8-2-build-macosx-x86_64/jdk8u112/7935/hotspot/src/share/vm/prims/methodHandles.cpp, line 1146]
Event: 0.449 Thread 0x00007f7fb9806000 Exception <a 'java/lang/NoSuchFieldError': method resolution failed> (0x00000007aad50c40) thrown at [/Users/java_re/workspace/8-2-build-macosx-x86_64/jdk8u112/7935/hotspot/src/share/vm/prims/methodHandles.cpp, line 1146]
Event: 1.887 Thread 0x00007f7fb9806000 Exception <a 'java/io/FileNotFoundException'> (0x00000007aadcc060) thrown at [/Users/java_re/workspace/8-2-build-macosx-x86_64/jdk8u112/7935/hotspot/src/share/vm/prims/jni.cpp, line 709]
Event: 1.887 Thread 0x00007f7fb9806000 Exception <a 'java/io/FileNotFoundException'> (0x00000007aadccc08) thrown at [/Users/java_re/workspace/8-2-build-macosx-x86_64/jdk8u112/7935/hotspot/src/share/vm/prims/jni.cpp, line 709]

Events (10 events):
Event: 2.353 loading class org/lwjgl/opengl/GL15
Event: 2.353 loading class org/lwjgl/opengl/GL15 done
Event: 2.355 loading class SimplexNoise
Event: 2.355 loading class SimplexNoise done
Event: 2.356 loading class java/lang/StrictMath
Event: 2.357 loading class java/lang/StrictMath done
Event: 2.357 loading class SimplexNoise_octave
Event: 2.357 loading class SimplexNoise_octave done
Event: 2.361 loading class SimplexNoise_octave$Grad
Event: 2.361 loading class SimplexNoise_octave$Grad done


Dynamic libraries:
0x00000000183c7000 	/System/Library/Frameworks/Cocoa.framework/Versions/A/Cocoa
0x00000000183c7000 	/System/Library/Frameworks/Security.framework/Versions/A/Security
0x00000000183c7000 	/System/Library/Frameworks/ApplicationServices.framework/Versions/A/ApplicationServices
0x00000000183c7000 	/usr/lib/libz.1.dylib
0x00000000183c7000 	/usr/lib/libSystem.B.dylib
0x00000000183c7000 	/usr/lib/libobjc.A.dylib
0x00000000183c7000 	/System/Library/Frameworks/CoreFoundation.framework/Versions/A/CoreFoundation
0x00000000183c7000 	/System/Library/Frameworks/Foundation.framework/Versions/C/Foundation
0x00000000183c7000 	/System/Library/Frameworks/AppKit.framework/Versions/C/AppKit
0x00000000183c7000 	/System/Library/Frameworks/CoreData.framework/Versions/A/CoreData
0x00000000183c7000 	/System/Library/PrivateFrameworks/RemoteViewServices.framework/Versions/A/RemoteViewServices
0x00000000183c7000 	/System/Library/PrivateFrameworks/UIFoundation.framework/Versions/A/UIFoundation
0x00000000183c7000 	/System/Library/PrivateFrameworks/DFRFoundation.framework/Versions/A/DFRFoundation
0x00000000183c7000 	/usr/lib/libenergytrace.dylib
0x00000000183c7000 	/System/Library/PrivateFrameworks/SkyLight.framework/Versions/A/SkyLight
0x00000000183c7000 	/System/Library/Frameworks/CoreGraphics.framework/Versions/A/CoreGraphics
0x00000000183c7000 	/usr/lib/libScreenReader.dylib
0x00000000183c7000 	/System/Library/Frameworks/Accelerate.framework/Versions/A/Accelerate
0x00000000183c7000 	/System/Library/Frameworks/IOSurface.framework/Versions/A/IOSurface
0x00000000183c7000 	/System/Library/Frameworks/AudioToolbox.framework/Versions/A/AudioToolbox
0x00000000183c7000 	/System/Library/Frameworks/AudioUnit.framework/Versions/A/AudioUnit
0x00000000183c7000 	/System/Library/PrivateFrameworks/DataDetectorsCore.framework/Versions/A/DataDetectorsCore
0x00000000183c7000 	/System/Library/PrivateFrameworks/DesktopServicesPriv.framework/Versions/A/DesktopServicesPriv
0x00000000183c7000 	/System/Library/Frameworks/Carbon.framework/Versions/A/Frameworks/HIToolbox.framework/Versions/A/HIToolbox
0x00000000183c7000 	/usr/lib/libicucore.A.dylib
0x00000000183c7000 	/System/Library/Frameworks/QuartzCore.framework/Versions/A/QuartzCore
0x00000000183c7000 	/System/Library/Frameworks/Carbon.framework/Versions/A/Frameworks/SpeechRecognition.framework/Versions/A/SpeechRecognition
0x00000000183c7000 	/usr/lib/libauto.dylib
0x00000000183c7000 	/usr/lib/libxml2.2.dylib
0x00000000183c7000 	/System/Library/PrivateFrameworks/CoreUI.framework/Versions/A/CoreUI
0x00000000183c7000 	/System/Library/Frameworks/CoreAudio.framework/Versions/A/CoreAudio
0x00000000183c7000 	/System/Library/Frameworks/DiskArbitration.framework/Versions/A/DiskArbitration
0x00000000183c7000 	/usr/lib/liblangid.dylib
0x00000000183c7000 	/System/Library/PrivateFrameworks/MultitouchSupport.framework/Versions/A/MultitouchSupport
0x00000000183c7000 	/System/Library/Frameworks/IOKit.framework/Versions/A/IOKit
0x00000000183c7000 	/usr/lib/libDiagnosticMessagesClient.dylib
0x00000000183c7000 	/System/Library/Frameworks/CoreServices.framework/Versions/A/CoreServices
0x00000000183c7000 	/System/Library/PrivateFrameworks/PerformanceAnalysis.framework/Versions/A/PerformanceAnalysis
0x00000000183c7000 	/System/Library/PrivateFrameworks/GenerationalStorage.framework/Versions/A/GenerationalStorage
0x00000000183c7000 	/System/Library/Frameworks/OpenGL.framework/Versions/A/OpenGL
0x00000000183c7000 	/System/Library/Frameworks/CoreImage.framework/Versions/A/CoreImage
0x00000000183c7000 	/System/Library/Frameworks/CoreText.framework/Versions/A/CoreText
0x00000000183c7000 	/System/Library/Frameworks/ImageIO.framework/Versions/A/ImageIO
0x00000000183c7000 	/System/Library/PrivateFrameworks/Backup.framework/Versions/A/Backup
0x00000000183c7000 	/usr/lib/libarchive.2.dylib
0x00000000183c7000 	/System/Library/Frameworks/CFNetwork.framework/Versions/A/CFNetwork
0x00000000183c7000 	/System/Library/Frameworks/SystemConfiguration.framework/Versions/A/SystemConfiguration
0x00000000183c7000 	/usr/lib/libCRFSuite.dylib
0x00000000183c7000 	/usr/lib/libc++.1.dylib
0x00000000183c7000 	/usr/lib/libc++abi.dylib
0x00000000183c7000 	/usr/lib/system/libcache.dylib
0x00000000183c7000 	/usr/lib/system/libcommonCrypto.dylib
0x00000000183c7000 	/usr/lib/system/libcompiler_rt.dylib
0x00000000183c7000 	/usr/lib/system/libcopyfile.dylib
0x00000000183c7000 	/usr/lib/system/libcorecrypto.dylib
0x00000000183c7000 	/usr/lib/system/libdispatch.dylib
0x00000000183c7000 	/usr/lib/system/libdyld.dylib
0x00000000183c7000 	/usr/lib/system/libkeymgr.dylib
0x00000000183c7000 	/usr/lib/system/liblaunch.dylib
0x00000000183c7000 	/usr/lib/system/libmacho.dylib
0x00000000183c7000 	/usr/lib/system/libquarantine.dylib
0x00000000183c7000 	/usr/lib/system/libremovefile.dylib
0x00000000183c7000 	/usr/lib/system/libsystem_asl.dylib
0x00000000183c7000 	/usr/lib/system/libsystem_blocks.dylib
0x00000000183c7000 	/usr/lib/system/libsystem_c.dylib
0x00000000183c7000 	/usr/lib/system/libsystem_configuration.dylib
0x00000000183c7000 	/usr/lib/system/libsystem_coreservices.dylib
0x00000000183c7000 	/usr/lib/system/libsystem_coretls.dylib
0x00000000183c7000 	/usr/lib/system/libsystem_dnssd.dylib
0x00000000183c7000 	/usr/lib/system/libsystem_info.dylib
0x00000000183c7000 	/usr/lib/system/libsystem_kernel.dylib
0x00000000183c7000 	/usr/lib/system/libsystem_m.dylib
0x00000000183c7000 	/usr/lib/system/libsystem_malloc.dylib
0x00000000183c7000 	/usr/lib/system/libsystem_network.dylib
0x00000000183c7000 	/usr/lib/system/libsystem_networkextension.dylib
0x00000000183c7000 	/usr/lib/system/libsystem_notify.dylib
0x00000000183c7000 	/usr/lib/system/libsystem_platform.dylib
0x00000000183c7000 	/usr/lib/system/libsystem_pthread.dylib
0x00000000183c7000 	/usr/lib/system/libsystem_sandbox.dylib
0x00000000183c7000 	/usr/lib/system/libsystem_secinit.dylib
0x00000000183c7000 	/usr/lib/system/libsystem_symptoms.dylib
0x00000000183c7000 	/usr/lib/system/libsystem_trace.dylib
0x00000000183c7000 	/usr/lib/system/libunwind.dylib
0x00000000183c7000 	/usr/lib/system/libxpc.dylib
0x00000000183c7000 	/usr/lib/libbsm.0.dylib
0x00000000183c7000 	/usr/lib/system/libkxld.dylib
0x00000000183c7000 	/usr/lib/libcoretls.dylib
0x00000000183c7000 	/usr/lib/libcoretls_cfhelpers.dylib
0x00000000183c7000 	/usr/lib/libOpenScriptingUtil.dylib
0x00000000183c7000 	/usr/lib/libpam.2.dylib
0x00000000183c7000 	/usr/lib/libsqlite3.dylib
0x00000000183c7000 	/usr/lib/libxar.1.dylib
0x00000000183c7000 	/usr/lib/libbz2.1.0.dylib
0x00000000183c7000 	/usr/lib/liblzma.5.dylib
0x00000000183c7000 	/usr/lib/libnetwork.dylib
0x00000000183c7000 	/usr/lib/libpcap.A.dylib
0x00000000183c7000 	/System/Library/Frameworks/CoreServices.framework/Versions/A/Frameworks/FSEvents.framework/Versions/A/FSEvents
0x00000000183c7000 	/System/Library/Frameworks/CoreServices.framework/Versions/A/Frameworks/CarbonCore.framework/Versions/A/CarbonCore
0x00000000183c7000 	/System/Library/Frameworks/CoreServices.framework/Versions/A/Frameworks/Metadata.framework/Versions/A/Metadata
0x00000000183c7000 	/System/Library/Frameworks/CoreServices.framework/Versions/A/Frameworks/OSServices.framework/Versions/A/OSServices
0x00000000183c7000 	/System/Library/Frameworks/CoreServices.framework/Versions/A/Frameworks/SearchKit.framework/Versions/A/SearchKit
0x00000000183c7000 	/System/Library/Frameworks/CoreServices.framework/Versions/A/Frameworks/AE.framework/Versions/A/AE
0x00000000183c7000 	/System/Library/Frameworks/CoreServices.framework/Versions/A/Frameworks/LaunchServices.framework/Versions/A/LaunchServices
0x00000000183c7000 	/System/Library/Frameworks/CoreServices.framework/Versions/A/Frameworks/DictionaryServices.framework/Versions/A/DictionaryServices
0x00000000183c7000 	/System/Library/Frameworks/CoreServices.framework/Versions/A/Frameworks/SharedFileList.framework/Versions/A/SharedFileList
0x00000000183c7000 	/System/Library/Frameworks/NetFS.framework/Versions/A/NetFS
0x00000000183c7000 	/System/Library/PrivateFrameworks/NetAuth.framework/Versions/A/NetAuth
0x00000000183c7000 	/System/Library/PrivateFrameworks/login.framework/Versions/A/Frameworks/loginsupport.framework/Versions/A/loginsupport
0x00000000183c7000 	/System/Library/PrivateFrameworks/TCC.framework/Versions/A/TCC
0x00000000183c7000 	/usr/lib/libmecabra.dylib
0x00000000183c7000 	/System/Library/Frameworks/ApplicationServices.framework/Versions/A/Frameworks/ATS.framework/Versions/A/ATS
0x00000000183c7000 	/System/Library/Frameworks/ApplicationServices.framework/Versions/A/Frameworks/ColorSync.framework/Versions/A/ColorSync
0x00000000183c7000 	/System/Library/Frameworks/ApplicationServices.framework/Versions/A/Frameworks/HIServices.framework/Versions/A/HIServices
0x00000000183c7000 	/System/Library/Frameworks/ApplicationServices.framework/Versions/A/Frameworks/LangAnalysis.framework/Versions/A/LangAnalysis
0x00000000183c7000 	/System/Library/Frameworks/ApplicationServices.framework/Versions/A/Frameworks/PrintCore.framework/Versions/A/PrintCore
0x00000000183c7000 	/System/Library/Frameworks/ApplicationServices.framework/Versions/A/Frameworks/QD.framework/Versions/A/QD
0x00000000183c7000 	/System/Library/Frameworks/ApplicationServices.framework/Versions/A/Frameworks/SpeechSynthesis.framework/Versions/A/SpeechSynthesis
0x00000000183c7000 	/System/Library/Frameworks/Accelerate.framework/Versions/A/Frameworks/vImage.framework/Versions/A/vImage
0x00000000183c7000 	/System/Library/Frameworks/Accelerate.framework/Versions/A/Frameworks/vecLib.framework/Versions/A/vecLib
0x00000000183c7000 	/System/Library/Frameworks/Accelerate.framework/Versions/A/Frameworks/vecLib.framework/Versions/A/libvDSP.dylib
0x00000000183c7000 	/System/Library/Frameworks/Accelerate.framework/Versions/A/Frameworks/vecLib.framework/Versions/A/libBNNS.dylib
0x00000000183c7000 	/System/Library/Frameworks/Accelerate.framework/Versions/A/Frameworks/vecLib.framework/Versions/A/libQuadrature.dylib
0x00000000183c7000 	/System/Library/Frameworks/Accelerate.framework/Versions/A/Frameworks/vecLib.framework/Versions/A/libvMisc.dylib
0x00000000183c7000 	/System/Library/Frameworks/Accelerate.framework/Versions/A/Frameworks/vecLib.framework/Versions/A/libLAPACK.dylib
0x00000000183c7000 	/System/Library/Frameworks/Accelerate.framework/Versions/A/Frameworks/vecLib.framework/Versions/A/libBLAS.dylib
0x00000000183c7000 	/System/Library/Frameworks/Accelerate.framework/Versions/A/Frameworks/vecLib.framework/Versions/A/libLinearAlgebra.dylib
0x00000000183c7000 	/System/Library/Frameworks/Accelerate.framework/Versions/A/Frameworks/vecLib.framework/Versions/A/libSparseBLAS.dylib
0x00000000183c7000 	/System/Library/Frameworks/ApplicationServices.framework/Versions/A/Frameworks/ATS.framework/Versions/A/Resources/libFontParser.dylib
0x00000000183c7000 	/System/Library/Frameworks/ApplicationServices.framework/Versions/A/Frameworks/ATS.framework/Versions/A/Resources/libFontRegistry.dylib
0x00000000183c7000 	/System/Library/Frameworks/ImageIO.framework/Versions/A/Resources/libJPEG.dylib
0x00000000183c7000 	/System/Library/Frameworks/ImageIO.framework/Versions/A/Resources/libTIFF.dylib
0x00000000183c7000 	/System/Library/Frameworks/ImageIO.framework/Versions/A/Resources/libPng.dylib
0x00000000183c7000 	/System/Library/Frameworks/ImageIO.framework/Versions/A/Resources/libGIF.dylib
0x00000000183c7000 	/System/Library/Frameworks/ImageIO.framework/Versions/A/Resources/libJP2.dylib
0x00000000183c7000 	/System/Library/Frameworks/ImageIO.framework/Versions/A/Resources/libRadiance.dylib
0x00000000183c7000 	/usr/lib/libcompression.dylib
0x00000000183c7000 	/System/Library/PrivateFrameworks/AppleJPEG.framework/Versions/A/AppleJPEG
0x00000000183c7000 	/usr/lib/libcups.2.dylib
0x00000000183c7000 	/System/Library/Frameworks/Kerberos.framework/Versions/A/Kerberos
0x00000000183c7000 	/System/Library/Frameworks/GSS.framework/Versions/A/GSS
0x00000000183c7000 	/usr/lib/libresolv.9.dylib
0x00000000183c7000 	/usr/lib/libiconv.2.dylib
0x00000000183c7000 	/System/Library/PrivateFrameworks/Heimdal.framework/Versions/A/Heimdal
0x00000000183c7000 	/usr/lib/libheimdal-asn1.dylib
0x00000000183c7000 	/System/Library/Frameworks/OpenDirectory.framework/Versions/A/OpenDirectory
0x00000000183c7000 	/System/Library/PrivateFrameworks/CommonAuth.framework/Versions/A/CommonAuth
0x00000000183c7000 	/System/Library/Frameworks/OpenDirectory.framework/Versions/A/Frameworks/CFOpenDirectory.framework/Versions/A/CFOpenDirectory
0x00000000183c7000 	/System/Library/Frameworks/SecurityFoundation.framework/Versions/A/SecurityFoundation
0x00000000183c7000 	/System/Library/PrivateFrameworks/LanguageModeling.framework/Versions/A/LanguageModeling
0x00000000183c7000 	/usr/lib/libmarisa.dylib
0x00000000183c7000 	/usr/lib/libChineseTokenizer.dylib
0x00000000183c7000 	/usr/lib/libcmph.dylib
0x00000000183c7000 	/System/Library/PrivateFrameworks/CoreEmoji.framework/Versions/A/CoreEmoji
0x00000000183c7000 	/System/Library/Frameworks/ServiceManagement.framework/Versions/A/ServiceManagement
0x00000000183c7000 	/usr/lib/libxslt.1.dylib
0x00000000183c7000 	/System/Library/Frameworks/Carbon.framework/Versions/A/Frameworks/Ink.framework/Versions/A/Ink
0x00000000183c7000 	/System/Library/PrivateFrameworks/TextureIO.framework/Versions/A/TextureIO
0x00000000183c7000 	/System/Library/Frameworks/Metal.framework/Versions/A/Metal
0x00000000183c7000 	/usr/lib/libate.dylib
0x00000000183c7000 	/System/Library/PrivateFrameworks/GPUCompiler.framework/libmetal_timestamp.dylib
0x00000000183c7000 	/System/Library/Frameworks/OpenGL.framework/Versions/A/Libraries/libCoreFSCache.dylib
0x00000000183c7000 	/System/Library/PrivateFrameworks/IOAccelerator.framework/Versions/A/IOAccelerator
0x00000000183c7000 	/System/Library/Frameworks/CoreVideo.framework/Versions/A/CoreVideo
0x00000000183c7000 	/usr/lib/libFosl_dynamic.dylib
0x00000000183c7000 	/System/Library/PrivateFrameworks/MetalPerformanceShaders.framework/Versions/A/MetalPerformanceShaders
0x00000000183c7000 	/System/Library/PrivateFrameworks/FaceCore.framework/Versions/A/FaceCore
0x00000000183c7000 	/System/Library/Frameworks/OpenCL.framework/Versions/A/OpenCL
0x00000000183c7000 	/System/Library/Frameworks/OpenGL.framework/Versions/A/Libraries/libGLU.dylib
0x00000000183c7000 	/System/Library/Frameworks/OpenGL.framework/Versions/A/Libraries/libGFXShared.dylib
0x00000000183c7000 	/System/Library/Frameworks/OpenGL.framework/Versions/A/Libraries/libGL.dylib
0x00000000183c7000 	/System/Library/Frameworks/OpenGL.framework/Versions/A/Libraries/libGLImage.dylib
0x00000000183c7000 	/System/Library/Frameworks/OpenGL.framework/Versions/A/Libraries/libCVMSPluginSupport.dylib
0x00000000183c7000 	/System/Library/Frameworks/OpenGL.framework/Versions/A/Libraries/libCoreVMClient.dylib
0x00000000183c7000 	/System/Library/PrivateFrameworks/CrashReporterSupport.framework/Versions/A/CrashReporterSupport
0x00000000183c7000 	/System/Library/PrivateFrameworks/Sharing.framework/Versions/A/Sharing
0x00000000183c7000 	/System/Library/PrivateFrameworks/IconServices.framework/Versions/A/IconServices
0x00000000183c7000 	/System/Library/PrivateFrameworks/ProtocolBuffer.framework/Versions/A/ProtocolBuffer
0x00000000183c7000 	/System/Library/PrivateFrameworks/Apple80211.framework/Versions/A/Apple80211
0x00000000183c7000 	/System/Library/Frameworks/CoreWLAN.framework/Versions/A/CoreWLAN
0x00000000183c7000 	/System/Library/PrivateFrameworks/CoreUtils.framework/Versions/A/CoreUtils
0x00000000183c7000 	/System/Library/Frameworks/IOBluetooth.framework/Versions/A/IOBluetooth
0x00000000183c7000 	/System/Library/PrivateFrameworks/CoreWiFi.framework/Versions/A/CoreWiFi
0x00000000183c7000 	/System/Library/Frameworks/CoreBluetooth.framework/Versions/A/CoreBluetooth
0x00000000183c7000 	/System/Library/Frameworks/CoreDisplay.framework/Versions/A/CoreDisplay
0x00000000183c7000 	/System/Library/PrivateFrameworks/IOPresentment.framework/Versions/A/IOPresentment
0x00000000183c7000 	/System/Library/PrivateFrameworks/DSExternalDisplay.framework/Versions/A/DSExternalDisplay
0x00000000183c7000 	/System/Library/PrivateFrameworks/DebugSymbols.framework/Versions/A/DebugSymbols
0x00000000183c7000 	/System/Library/PrivateFrameworks/CoreSymbolication.framework/Versions/A/CoreSymbolication
0x00000000183c7000 	/System/Library/PrivateFrameworks/Symbolication.framework/Versions/A/Symbolication
0x00000000183c7000 	/System/Library/PrivateFrameworks/AppleFSCompression.framework/Versions/A/AppleFSCompression
0x00000000183c7000 	/System/Library/PrivateFrameworks/SpeechRecognitionCore.framework/Versions/A/SpeechRecognitionCore
0x00000000183c7000 	/System/Library/PrivateFrameworks/ChunkingLibrary.framework/Versions/A/ChunkingLibrary
0x0000000106200000 	/Library/Java/JavaVirtualMachines/jdk1.8.0_112.jdk/Contents/Home/jre/lib/server/libjvm.dylib
0x00000000183c7000 	/usr/lib/libstdc++.6.dylib
0x0000000105848000 	/Library/Java/JavaVirtualMachines/jdk1.8.0_112.jdk/Contents/Home/jre/lib/libverify.dylib
0x0000000105856000 	/Library/Java/JavaVirtualMachines/jdk1.8.0_112.jdk/Contents/Home/jre/lib/libjava.dylib
0x0000000105895000 	/Library/Java/JavaVirtualMachines/jdk1.8.0_112.jdk/Contents/Home/jre/lib/libzip.dylib
0x000000010b445000 	/System/Library/Frameworks/JavaVM.framework/Frameworks/JavaRuntimeSupport.framework/JavaRuntimeSupport
0x000000010b45f000 	/System/Library/Frameworks/JavaVM.framework/Versions/A/Frameworks/JavaNativeFoundation.framework/Versions/A/JavaNativeFoundation
0x000000010b474000 	/System/Library/Frameworks/JavaVM.framework/Versions/A/JavaVM
0x00000000183c7000 	/System/Library/Frameworks/Carbon.framework/Versions/A/Carbon
0x000000010b481000 	/System/Library/PrivateFrameworks/JavaLaunching.framework/Versions/A/JavaLaunching
0x00000000183c7000 	/System/Library/Frameworks/Carbon.framework/Versions/A/Frameworks/CommonPanels.framework/Versions/A/CommonPanels
0x00000000183c7000 	/System/Library/Frameworks/Carbon.framework/Versions/A/Frameworks/Help.framework/Versions/A/Help
0x00000000183c7000 	/System/Library/Frameworks/Carbon.framework/Versions/A/Frameworks/ImageCapture.framework/Versions/A/ImageCapture
0x00000000183c7000 	/System/Library/Frameworks/Carbon.framework/Versions/A/Frameworks/OpenScripting.framework/Versions/A/OpenScripting
0x00000000183c7000 	/System/Library/Frameworks/Carbon.framework/Versions/A/Frameworks/Print.framework/Versions/A/Print
0x00000000183c7000 	/System/Library/Frameworks/Carbon.framework/Versions/A/Frameworks/SecurityHI.framework/Versions/A/SecurityHI
0x000000011be46000 	/Library/Java/JavaVirtualMachines/jdk1.8.0_112.jdk/Contents/Home/jre/lib/libawt.dylib
0x000000011beee000 	/Library/Java/JavaVirtualMachines/jdk1.8.0_112.jdk/Contents/Home/jre/lib/./libmlib_image.dylib
0x000000011bfba000 	/Library/Java/JavaVirtualMachines/jdk1.8.0_112.jdk/Contents/Home/jre/lib/libawt_lwawt.dylib
0x000000011c071000 	/Library/Java/JavaVirtualMachines/jdk1.8.0_112.jdk/Contents/Home/jre/lib/./libosxapp.dylib
0x00000000183c7000 	/System/Library/Frameworks/ExceptionHandling.framework/Versions/A/ExceptionHandling
0x00000000183c7000 	/System/Library/PrivateFrameworks/CoreServicesInternal.framework/Versions/A/CoreServicesInternal
0x00000000183c7000 	/System/Library/CoreServices/RawCamera.bundle/Contents/MacOS/RawCamera
0x00000000183c7000 	/System/Library/Frameworks/Accelerate.framework/Versions/A/Frameworks/vImage.framework/Versions/A/Libraries/libCGInterfaces.dylib
0x00000000183c7000 	/System/Library/Frameworks/ApplicationServices.framework/Versions/A/Frameworks/ATS.framework/Versions/A/Resources/libTrueTypeScaler.dylib
0x000000011e04d000 	/System/Library/Frameworks/OpenGL.framework/Resources/GLEngine.bundle/GLEngine
0x00000000183c7000 	/System/Library/Frameworks/OpenGL.framework/Versions/A/Libraries/libGLProgrammability.dylib
0x000000011e232000 	/System/Library/Extensions/AppleIntelHD5000GraphicsGLDriver.bundle/Contents/MacOS/AppleIntelHD5000GraphicsGLDriver
0x00000000183c7000 	/System/Library/PrivateFrameworks/GPUSupport.framework/Versions/A/Libraries/libGPUSupportMercury.dylib
0x000000011e9a0000 	/System/Library/Frameworks/OpenGL.framework/Resources//GLRendererFloat.bundle/GLRendererFloat
0x00000000183c7000 	/System/Library/Frameworks/OpenCL.framework/Versions/A/Libraries/libcldcpuengine.dylib
0x00000000183c7000 	/usr/lib/libcrypto.0.9.8.dylib
0x00000000183c7000 	/System/Library/PrivateFrameworks/TrustEvaluationAgent.framework/Versions/A/TrustEvaluationAgent
0x000000011e9d4000 	/System/Library/Extensions/AppleIntelHD5000GraphicsMTLDriver.bundle/Contents/MacOS/AppleIntelHD5000GraphicsMTLDriver
0x00000000183c7000 	/System/Library/PrivateFrameworks/FamilyControls.framework/Versions/A/FamilyControls
0x00000000183c7000 	/System/Library/PrivateFrameworks/CommerceKit.framework/Versions/A/Frameworks/CommerceCore.framework/Versions/A/CommerceCore
0x00000000183c7000 	/System/Library/PrivateFrameworks/SystemAdministration.framework/Versions/A/SystemAdministration
0x00000000183c7000 	/System/Library/PrivateFrameworks/AppContainer.framework/Versions/A/AppContainer
0x00000000183c7000 	/System/Library/PrivateFrameworks/SecCodeWrapper.framework/Versions/A/SecCodeWrapper
0x00000000183c7000 	/System/Library/Frameworks/DirectoryService.framework/Versions/A/DirectoryService
0x00000000183c7000 	/System/Library/PrivateFrameworks/DiskImages.framework/Versions/A/DiskImages
0x00000000183c7000 	/System/Library/PrivateFrameworks/LoginUIKit.framework/Versions/A/Frameworks/LoginUICore.framework/Versions/A/LoginUICore
0x00000000183c7000 	/usr/lib/libCoreStorage.dylib
0x00000000183c7000 	/usr/lib/libcsfde.dylib
0x00000000183c7000 	/usr/lib/libodfde.dylib
0x00000000183c7000 	/System/Library/Frameworks/DiscRecording.framework/Versions/A/DiscRecording
0x00000000183c7000 	/usr/lib/libcurl.4.dylib
0x00000000183c7000 	/System/Library/PrivateFrameworks/MediaKit.framework/Versions/A/MediaKit
0x00000000183c7000 	/System/Library/PrivateFrameworks/ProtectedCloudStorage.framework/Versions/A/ProtectedCloudStorage
0x00000000183c7000 	/System/Library/PrivateFrameworks/EFILogin.framework/Versions/A/EFILogin
0x00000000183c7000 	/usr/lib/libutil.dylib
0x00000000183c7000 	/System/Library/Frameworks/LDAP.framework/Versions/A/LDAP
0x00000000183c7000 	/usr/lib/libsasl2.2.dylib
0x00000000183c7000 	/System/Library/PrivateFrameworks/CoreDaemon.framework/Versions/B/CoreDaemon
0x00000000183c7000 	/System/Library/PrivateFrameworks/AppleSRP.framework/Versions/A/AppleSRP
0x00000000183c7000 	/System/Library/PrivateFrameworks/APFS.framework/Versions/A/APFS
0x00000000183c7000 	/System/Library/PrivateFrameworks/ViewBridge.framework/Versions/A/ViewBridge
0x00000000183c7000 	/System/Library/PrivateFrameworks/XPCService.framework/Versions/A/XPCService
0x00000000183c7000 	/System/Library/PrivateFrameworks/AppSandbox.framework/Versions/A/AppSandbox
0x00000000183c7000 	/usr/lib/libsandbox.1.dylib
0x00000000183c7000 	/usr/lib/libMatch.1.dylib
0x00000001200fe000 	/Library/Java/JavaVirtualMachines/jdk1.8.0_112.jdk/Contents/Home/jre/lib/libfontmanager.dylib
0x0000000120165000 	/Users/jonathanquiros/Programming/Projects/CS445/lwjgl-2.9.2/native/macosx/liblwjgl.dylib
0x000000011d194000 	/Library/Java/JavaVirtualMachines/jdk1.8.0_112.jdk/Contents/Home/jre/lib/libjawt.dylib

VM Arguments:
jvm_args: -Dfile.encoding=UTF-8 -Djava.library.path=/Users/jonathanquiros/programming/projects/cs445/lwjgl-2.9.2/native/macosx 
java_command: Main
java_class_path (initial): /Users/jonathanquiros/Programming/Projects/CS445/lwjgl-2.9.2/jar/jinput.jar:/Users/jonathanquiros/Programming/Projects/CS445/lwjgl-2.9.2/jar/lwjgl.jar:/Users/jonathanquiros/Programming/Projects/CS445/lwjgl-2.9.2/jar/lwjgl_util.jar:/Users/jonathanquiros/Programming/Projects/CS445/lwjgl-2.9.2/jar/AppleJavaExtensions.jar:/Users/jonathanquiros/Programming/Projects/CS445/lwjgl-2.9.2/jar/asm-debug-all.jar:/Users/jonathanquiros/Programming/Projects/CS445/lwjgl-2.9.2/jar/lwjgl-debug.jar:/Users/jonathanquiros/Programming/Projects/CS445/lwjgl-2.9.2/jar/lwjgl_test.jar:/Users/jonathanquiros/Programming/Projects/CS445/lwjgl-2.9.2/jar/lwjgl_util_applet.jar:/Users/jonathanquiros/Programming/Projects/CS445/lwjgl-2.9.2/jar/lzma.jar:/Users/jonathanquiros/NetBeansProjects/CS445-Group-Project/slick-util.jar:/Users/jonathanquiros/NetBeansProjects/CS445-Group-Project/build/classes
Launcher Type: SUN_STANDARD

Environment Variables:
PATH=/usr/bin:/bin:/usr/sbin:/sbin
LD_LIBRARY_PATH=/Library/Java/JavaVirtualMachines/jdk1.8.0_112.jdk/Contents/Home/jre/lib/amd64:/Library/Java/JavaVirtualMachines/jdk1.8.0_112.jdk/Contents/Home/jre/lib/i386:
SHELL=/bin/bash
DISPLAY=/private/tmp/com.apple.launchd.LzCigmwkTP/org.macosforge.xquartz:0

Signal Handlers:
SIGSEGV: [libjvm.dylib+0x5b11a5], sa_mask[0]=11111111011111110111111111111111, sa_flags=SA_ONSTACK|SA_RESTART|SA_SIGINFO
SIGBUS: [libjvm.dylib+0x5b11a5], sa_mask[0]=11111111011111110111111111111111, sa_flags=SA_RESTART|SA_SIGINFO
SIGFPE: [libjvm.dylib+0x487dc0], sa_mask[0]=11111111011111110111111111111111, sa_flags=SA_RESTART|SA_SIGINFO
SIGPIPE: [libjvm.dylib+0x487dc0], sa_mask[0]=11111111011111110111111111111111, sa_flags=SA_RESTART|SA_SIGINFO
SIGXFSZ: [libjvm.dylib+0x487dc0], sa_mask[0]=11111111011111110111111111111111, sa_flags=SA_RESTART|SA_SIGINFO
SIGILL: [libjvm.dylib+0x487dc0], sa_mask[0]=11111111011111110111111111111111, sa_flags=SA_RESTART|SA_SIGINFO
SIGUSR1: SIG_DFL, sa_mask[0]=00000000000000000000000000000000, sa_flags=none
SIGUSR2: [libjvm.dylib+0x4878de], sa_mask[0]=00100000000000000000000000000000, sa_flags=SA_RESTART|SA_SIGINFO
SIGHUP: [libjvm.dylib+0x485eb5], sa_mask[0]=11111111011111110111111111111111, sa_flags=SA_RESTART|SA_SIGINFO
SIGINT: SIG_IGN, sa_mask[0]=00000000000000000000000000000000, sa_flags=none
SIGTERM: [libjvm.dylib+0x485eb5], sa_mask[0]=11111111011111110111111111111111, sa_flags=SA_RESTART|SA_SIGINFO
SIGQUIT: [libjvm.dylib+0x485eb5], sa_mask[0]=11111111011111110111111111111111, sa_flags=SA_RESTART|SA_SIGINFO


---------------  S Y S T E M  ---------------

OS:Bsduname:Darwin 16.5.0 Darwin Kernel Version 16.5.0: Fri Mar  3 16:52:33 PST 2017; root:xnu-3789.51.2~3/RELEASE_X86_64 x86_64
rlimit: STACK 8192k, CORE 0k, NPROC 709, NOFILE 10240, AS infinity
load average:5.52 6.33 4.59

CPU:total 4 (2 cores per cpu, 2 threads per core) family 6 model 69 stepping 1, cmov, cx8, fxsr, mmx, sse, sse2, sse3, ssse3, sse4.1, sse4.2, popcnt, avx, avx2, aes, clmul, erms, lzcnt, ht, tsc, tscinvbit, bmi1, bmi2

Memory: 4k page, physical 4194304k(19328k free)

/proc/meminfo:


vm_info: Java HotSpot(TM) 64-Bit Server VM (25.112-b16) for bsd-amd64 JRE (1.8.0_112-b16), built on Sep 30 2016 22:41:41 by "java_re" with gcc 4.2.1 (Based on Apple Inc. build 5658) (LLVM build 2336.11.00)

time: Mon May 29 13:58:13 2017
elapsed time: 2 seconds (0d 0h 0m 2s)

